Watching for file changes with StatReloader
"GET / HTTP/1.1" 200 3168
"GET /api/activitytracker/dashboard/ HTTP/1.1" 200 13805
"GET /api/activitytracker/dashboard/ HTTP/1.1" 200 13805
"GET /static/activitytracker/images/trackerlogo.jpg HTTP/1.1" 200 196085
"GET /static/activitytracker/images/backgroundimage.jpg HTTP/1.1" 200 6235780
"GET /static/activitytracker/images/favicon.ico HTTP/1.1" 200 15406
Internal Server Error: /api/activitytracker/record/
Traceback (most recent call last):
  File "/usr/local/python/3.12.1/lib/python3.12/site-packages/django/core/handlers/exception.py", line 55, in inner
    response = get_response(request)
               ^^^^^^^^^^^^^^^^^^^^^
  File "/usr/local/python/3.12.1/lib/python3.12/site-packages/django/core/handlers/base.py", line 197, in _get_response
    response = wrapped_callback(request, *callback_args, **callback_kwargs)
               ^^^^^^^^^^^^^^^^^^^^^^^^^^^^^^^^^^^^^^^^^^^^^^^^^^^^^^^^^^^^
  File "/usr/local/python/3.12.1/lib/python3.12/site-packages/django/contrib/auth/decorators.py", line 23, in _wrapper_view
    return view_func(request, *args, **kwargs)
           ^^^^^^^^^^^^^^^^^^^^^^^^^^^^^^^^^^^
  File "/workspaces/activitytracker/activitytracker/views.py", line 155, in record_activity
    activity.save()
  File "/usr/local/python/3.12.1/lib/python3.12/site-packages/django/db/models/base.py", line 822, in save
    self.save_base(
  File "/usr/local/python/3.12.1/lib/python3.12/site-packages/django/db/models/base.py", line 909, in save_base
    updated = self._save_table(
              ^^^^^^^^^^^^^^^^^
  File "/usr/local/python/3.12.1/lib/python3.12/site-packages/django/db/models/base.py", line 1067, in _save_table
    results = self._do_insert(
              ^^^^^^^^^^^^^^^^
  File "/usr/local/python/3.12.1/lib/python3.12/site-packages/django/db/models/base.py", line 1108, in _do_insert
    return manager._insert(
           ^^^^^^^^^^^^^^^^
  File "/usr/local/python/3.12.1/lib/python3.12/site-packages/django/db/models/manager.py", line 87, in manager_method
    return getattr(self.get_queryset(), name)(*args, **kwargs)
           ^^^^^^^^^^^^^^^^^^^^^^^^^^^^^^^^^^^^^^^^^^^^^^^^^^^
  File "/usr/local/python/3.12.1/lib/python3.12/site-packages/django/db/models/query.py", line 1847, in _insert
    return query.get_compiler(using=using).execute_sql(returning_fields)
           ^^^^^^^^^^^^^^^^^^^^^^^^^^^^^^^^^^^^^^^^^^^^^^^^^^^^^^^^^^^^^
  File "/usr/local/python/3.12.1/lib/python3.12/site-packages/django/db/models/sql/compiler.py", line 1822, in execute_sql
    for sql, params in self.as_sql():
                       ^^^^^^^^^^^^^
  File "/usr/local/python/3.12.1/lib/python3.12/site-packages/django/db/models/sql/compiler.py", line 1747, in as_sql
    self.prepare_value(field, self.pre_save_val(field, obj))
                              ^^^^^^^^^^^^^^^^^^^^^^^^^^^^^
  File "/usr/local/python/3.12.1/lib/python3.12/site-packages/django/db/models/sql/compiler.py", line 1695, in pre_save_val
    return field.pre_save(obj, add=True)
           ^^^^^^^^^^^^^^^^^^^^^^^^^^^^^
  File "/usr/local/python/3.12.1/lib/python3.12/site-packages/django/db/models/fields/files.py", line 317, in pre_save
    file.save(file.name, file.file, save=False)
  File "/usr/local/python/3.12.1/lib/python3.12/site-packages/django/db/models/fields/files.py", line 93, in save
    self.name = self.storage.save(name, content, max_length=self.field.max_length)
                ^^^^^^^^^^^^^^^^^^^^^^^^^^^^^^^^^^^^^^^^^^^^^^^^^^^^^^^^^^^^^^^^^^
  File "/usr/local/python/3.12.1/lib/python3.12/site-packages/django/core/files/storage/base.py", line 38, in save
    name = self._save(name, content)
           ^^^^^^^^^^^^^^^^^^^^^^^^^
  File "/usr/local/python/3.12.1/lib/python3.12/site-packages/cloudinary_storage/storage.py", line 68, in _save
    response = self._upload(name, content)
               ^^^^^^^^^^^^^^^^^^^^^^^^^^^
  File "/usr/local/python/3.12.1/lib/python3.12/site-packages/cloudinary_storage/storage.py", line 62, in _upload
    return cloudinary.uploader.upload(content, **options)
           ^^^^^^^^^^^^^^^^^^^^^^^^^^^^^^^^^^^^^^^^^^^^^^
  File "/usr/local/python/3.12.1/lib/python3.12/site-packages/cloudinary/uploader.py", line 197, in upload
    return call_cacheable_api("upload", params, file=file, **options)
           ^^^^^^^^^^^^^^^^^^^^^^^^^^^^^^^^^^^^^^^^^^^^^^^^^^^^^^^^^^
  File "/usr/local/python/3.12.1/lib/python3.12/site-packages/cloudinary/uploader.py", line 833, in call_cacheable_api
    result = call_api(action, params, http_headers, return_error, unsigned, file, timeout, **options)
             ^^^^^^^^^^^^^^^^^^^^^^^^^^^^^^^^^^^^^^^^^^^^^^^^^^^^^^^^^^^^^^^^^^^^^^^^^^^^^^^^^^^^^^^^
  File "/usr/local/python/3.12.1/lib/python3.12/site-packages/cloudinary/uploader.py", line 921, in call_api
    raise Error(result["error"]["message"])
cloudinary.exceptions.Error: Empty file
"POST /api/activitytracker/record/ HTTP/1.1" 500 183602
Not Found: /favicon.ico
"GET /favicon.ico HTTP/1.1" 404 3348
/workspaces/activitytracker/activitytracker/views.py changed, reloading.
Watching for file changes with StatReloader
Watching for file changes with StatReloader
"GET / HTTP/1.1" 200 3168
"GET /api/activitytracker/dashboard/ HTTP/1.1" 200 13805
Internal Server Error: /api/activitytracker/record/
Traceback (most recent call last):
  File "/usr/local/python/3.12.1/lib/python3.12/site-packages/django/core/handlers/exception.py", line 55, in inner
    response = get_response(request)
               ^^^^^^^^^^^^^^^^^^^^^
  File "/usr/local/python/3.12.1/lib/python3.12/site-packages/django/core/handlers/base.py", line 197, in _get_response
    response = wrapped_callback(request, *callback_args, **callback_kwargs)
               ^^^^^^^^^^^^^^^^^^^^^^^^^^^^^^^^^^^^^^^^^^^^^^^^^^^^^^^^^^^^
  File "/usr/local/python/3.12.1/lib/python3.12/site-packages/django/contrib/auth/decorators.py", line 23, in _wrapper_view
    return view_func(request, *args, **kwargs)
           ^^^^^^^^^^^^^^^^^^^^^^^^^^^^^^^^^^^
  File "/workspaces/activitytracker/activitytracker/views.py", line 149, in record_activity
    activity.save()
  File "/usr/local/python/3.12.1/lib/python3.12/site-packages/django/db/models/base.py", line 822, in save
    self.save_base(
  File "/usr/local/python/3.12.1/lib/python3.12/site-packages/django/db/models/base.py", line 909, in save_base
    updated = self._save_table(
              ^^^^^^^^^^^^^^^^^
  File "/usr/local/python/3.12.1/lib/python3.12/site-packages/django/db/models/base.py", line 1067, in _save_table
    results = self._do_insert(
              ^^^^^^^^^^^^^^^^
  File "/usr/local/python/3.12.1/lib/python3.12/site-packages/django/db/models/base.py", line 1108, in _do_insert
    return manager._insert(
           ^^^^^^^^^^^^^^^^
  File "/usr/local/python/3.12.1/lib/python3.12/site-packages/django/db/models/manager.py", line 87, in manager_method
    return getattr(self.get_queryset(), name)(*args, **kwargs)
           ^^^^^^^^^^^^^^^^^^^^^^^^^^^^^^^^^^^^^^^^^^^^^^^^^^^
  File "/usr/local/python/3.12.1/lib/python3.12/site-packages/django/db/models/query.py", line 1847, in _insert
    return query.get_compiler(using=using).execute_sql(returning_fields)
           ^^^^^^^^^^^^^^^^^^^^^^^^^^^^^^^^^^^^^^^^^^^^^^^^^^^^^^^^^^^^^
  File "/usr/local/python/3.12.1/lib/python3.12/site-packages/django/db/models/sql/compiler.py", line 1822, in execute_sql
    for sql, params in self.as_sql():
                       ^^^^^^^^^^^^^
  File "/usr/local/python/3.12.1/lib/python3.12/site-packages/django/db/models/sql/compiler.py", line 1747, in as_sql
    self.prepare_value(field, self.pre_save_val(field, obj))
                              ^^^^^^^^^^^^^^^^^^^^^^^^^^^^^
  File "/usr/local/python/3.12.1/lib/python3.12/site-packages/django/db/models/sql/compiler.py", line 1695, in pre_save_val
    return field.pre_save(obj, add=True)
           ^^^^^^^^^^^^^^^^^^^^^^^^^^^^^
  File "/usr/local/python/3.12.1/lib/python3.12/site-packages/django/db/models/fields/files.py", line 317, in pre_save
    file.save(file.name, file.file, save=False)
  File "/usr/local/python/3.12.1/lib/python3.12/site-packages/django/db/models/fields/files.py", line 93, in save
    self.name = self.storage.save(name, content, max_length=self.field.max_length)
                ^^^^^^^^^^^^^^^^^^^^^^^^^^^^^^^^^^^^^^^^^^^^^^^^^^^^^^^^^^^^^^^^^^
  File "/usr/local/python/3.12.1/lib/python3.12/site-packages/django/core/files/storage/base.py", line 38, in save
    name = self._save(name, content)
           ^^^^^^^^^^^^^^^^^^^^^^^^^
  File "/usr/local/python/3.12.1/lib/python3.12/site-packages/cloudinary_storage/storage.py", line 68, in _save
    response = self._upload(name, content)
               ^^^^^^^^^^^^^^^^^^^^^^^^^^^
  File "/usr/local/python/3.12.1/lib/python3.12/site-packages/cloudinary_storage/storage.py", line 62, in _upload
    return cloudinary.uploader.upload(content, **options)
           ^^^^^^^^^^^^^^^^^^^^^^^^^^^^^^^^^^^^^^^^^^^^^^
  File "/usr/local/python/3.12.1/lib/python3.12/site-packages/cloudinary/uploader.py", line 197, in upload
    return call_cacheable_api("upload", params, file=file, **options)
           ^^^^^^^^^^^^^^^^^^^^^^^^^^^^^^^^^^^^^^^^^^^^^^^^^^^^^^^^^^
  File "/usr/local/python/3.12.1/lib/python3.12/site-packages/cloudinary/uploader.py", line 833, in call_cacheable_api
    result = call_api(action, params, http_headers, return_error, unsigned, file, timeout, **options)
             ^^^^^^^^^^^^^^^^^^^^^^^^^^^^^^^^^^^^^^^^^^^^^^^^^^^^^^^^^^^^^^^^^^^^^^^^^^^^^^^^^^^^^^^^
  File "/usr/local/python/3.12.1/lib/python3.12/site-packages/cloudinary/uploader.py", line 921, in call_api
    raise Error(result["error"]["message"])
cloudinary.exceptions.Error: Empty file
"POST /api/activitytracker/record/ HTTP/1.1" 500 177543
Watching for file changes with StatReloader
/workspaces/activitytracker/activitytracker/views.py changed, reloading.
Watching for file changes with StatReloader
Watching for file changes with StatReloader
/workspaces/activitytracker/activitytracker/views.py changed, reloading.
/workspaces/activitytracker/activitytracker/views.py changed, reloading.
Watching for file changes with StatReloader
Watching for file changes with StatReloader
"GET / HTTP/1.1" 200 3168
"GET /api/activitytracker/dashboard/ HTTP/1.1" 200 13805
Internal Server Error: /api/activitytracker/record/
Traceback (most recent call last):
  File "/usr/local/python/3.12.1/lib/python3.12/site-packages/django/core/handlers/exception.py", line 55, in inner
    response = get_response(request)
               ^^^^^^^^^^^^^^^^^^^^^
  File "/usr/local/python/3.12.1/lib/python3.12/site-packages/django/core/handlers/base.py", line 197, in _get_response
    response = wrapped_callback(request, *callback_args, **callback_kwargs)
               ^^^^^^^^^^^^^^^^^^^^^^^^^^^^^^^^^^^^^^^^^^^^^^^^^^^^^^^^^^^^
  File "/usr/local/python/3.12.1/lib/python3.12/site-packages/django/contrib/auth/decorators.py", line 23, in _wrapper_view
    return view_func(request, *args, **kwargs)
           ^^^^^^^^^^^^^^^^^^^^^^^^^^^^^^^^^^^
  File "/workspaces/activitytracker/activitytracker/views.py", line 152, in record_activity
    activity.save()
  File "/usr/local/python/3.12.1/lib/python3.12/site-packages/django/db/models/base.py", line 822, in save
    self.save_base(
  File "/usr/local/python/3.12.1/lib/python3.12/site-packages/django/db/models/base.py", line 909, in save_base
    updated = self._save_table(
              ^^^^^^^^^^^^^^^^^
  File "/usr/local/python/3.12.1/lib/python3.12/site-packages/django/db/models/base.py", line 1067, in _save_table
    results = self._do_insert(
              ^^^^^^^^^^^^^^^^
  File "/usr/local/python/3.12.1/lib/python3.12/site-packages/django/db/models/base.py", line 1108, in _do_insert
    return manager._insert(
           ^^^^^^^^^^^^^^^^
  File "/usr/local/python/3.12.1/lib/python3.12/site-packages/django/db/models/manager.py", line 87, in manager_method
    return getattr(self.get_queryset(), name)(*args, **kwargs)
           ^^^^^^^^^^^^^^^^^^^^^^^^^^^^^^^^^^^^^^^^^^^^^^^^^^^
  File "/usr/local/python/3.12.1/lib/python3.12/site-packages/django/db/models/query.py", line 1847, in _insert
    return query.get_compiler(using=using).execute_sql(returning_fields)
           ^^^^^^^^^^^^^^^^^^^^^^^^^^^^^^^^^^^^^^^^^^^^^^^^^^^^^^^^^^^^^
  File "/usr/local/python/3.12.1/lib/python3.12/site-packages/django/db/models/sql/compiler.py", line 1822, in execute_sql
    for sql, params in self.as_sql():
                       ^^^^^^^^^^^^^
  File "/usr/local/python/3.12.1/lib/python3.12/site-packages/django/db/models/sql/compiler.py", line 1747, in as_sql
    self.prepare_value(field, self.pre_save_val(field, obj))
                              ^^^^^^^^^^^^^^^^^^^^^^^^^^^^^
  File "/usr/local/python/3.12.1/lib/python3.12/site-packages/django/db/models/sql/compiler.py", line 1695, in pre_save_val
    return field.pre_save(obj, add=True)
           ^^^^^^^^^^^^^^^^^^^^^^^^^^^^^
  File "/usr/local/python/3.12.1/lib/python3.12/site-packages/django/db/models/fields/files.py", line 317, in pre_save
    file.save(file.name, file.file, save=False)
  File "/usr/local/python/3.12.1/lib/python3.12/site-packages/django/db/models/fields/files.py", line 93, in save
    self.name = self.storage.save(name, content, max_length=self.field.max_length)
                ^^^^^^^^^^^^^^^^^^^^^^^^^^^^^^^^^^^^^^^^^^^^^^^^^^^^^^^^^^^^^^^^^^
  File "/usr/local/python/3.12.1/lib/python3.12/site-packages/django/core/files/storage/base.py", line 38, in save
    name = self._save(name, content)
           ^^^^^^^^^^^^^^^^^^^^^^^^^
  File "/usr/local/python/3.12.1/lib/python3.12/site-packages/cloudinary_storage/storage.py", line 68, in _save
    response = self._upload(name, content)
               ^^^^^^^^^^^^^^^^^^^^^^^^^^^
  File "/usr/local/python/3.12.1/lib/python3.12/site-packages/cloudinary_storage/storage.py", line 62, in _upload
    return cloudinary.uploader.upload(content, **options)
           ^^^^^^^^^^^^^^^^^^^^^^^^^^^^^^^^^^^^^^^^^^^^^^
  File "/usr/local/python/3.12.1/lib/python3.12/site-packages/cloudinary/uploader.py", line 197, in upload
    return call_cacheable_api("upload", params, file=file, **options)
           ^^^^^^^^^^^^^^^^^^^^^^^^^^^^^^^^^^^^^^^^^^^^^^^^^^^^^^^^^^
  File "/usr/local/python/3.12.1/lib/python3.12/site-packages/cloudinary/uploader.py", line 833, in call_cacheable_api
    result = call_api(action, params, http_headers, return_error, unsigned, file, timeout, **options)
             ^^^^^^^^^^^^^^^^^^^^^^^^^^^^^^^^^^^^^^^^^^^^^^^^^^^^^^^^^^^^^^^^^^^^^^^^^^^^^^^^^^^^^^^^
  File "/usr/local/python/3.12.1/lib/python3.12/site-packages/cloudinary/uploader.py", line 921, in call_api
    raise Error(result["error"]["message"])
cloudinary.exceptions.Error: Empty file
"POST /api/activitytracker/record/ HTTP/1.1" 500 177458
Not Found: /favicon.ico
"GET /favicon.ico HTTP/1.1" 404 3348
/workspaces/activitytracker/activitytracker/forms.py changed, reloading.
Watching for file changes with StatReloader
Internal Server Error: /api/activitytracker/record/
Traceback (most recent call last):
  File "/usr/local/python/3.12.1/lib/python3.12/site-packages/gpxpy/parser.py", line 134, in parse
    root = mod_etree.XML(self.xml)
           ^^^^^^^^^^^^^^^^^^^^^^^
  File "/usr/local/python/3.12.1/lib/python3.12/xml/etree/ElementTree.py", line 1324, in XML
    return parser.close()
           ^^^^^^^^^^^^^^
xml.etree.ElementTree.ParseError: no element found: line 1, column 0

The above exception was the direct cause of the following exception:

Traceback (most recent call last):
  File "/usr/local/python/3.12.1/lib/python3.12/site-packages/django/core/handlers/exception.py", line 55, in inner
    response = get_response(request)
               ^^^^^^^^^^^^^^^^^^^^^
  File "/usr/local/python/3.12.1/lib/python3.12/site-packages/django/core/handlers/base.py", line 197, in _get_response
    response = wrapped_callback(request, *callback_args, **callback_kwargs)
               ^^^^^^^^^^^^^^^^^^^^^^^^^^^^^^^^^^^^^^^^^^^^^^^^^^^^^^^^^^^^
  File "/usr/local/python/3.12.1/lib/python3.12/site-packages/django/contrib/auth/decorators.py", line 23, in _wrapper_view
    return view_func(request, *args, **kwargs)
           ^^^^^^^^^^^^^^^^^^^^^^^^^^^^^^^^^^^
  File "/workspaces/activitytracker/activitytracker/views.py", line 140, in record_activity
    parsed_data = parse_gpx_file(uploaded_file)
                  ^^^^^^^^^^^^^^^^^^^^^^^^^^^^^
  File "/workspaces/activitytracker/activitytracker/forms.py", line 121, in parse_gpx_file
    gpx = gpxpy.parse(uploaded_file.read())
          ^^^^^^^^^^^^^^^^^^^^^^^^^^^^^^^^^
  File "/usr/local/python/3.12.1/lib/python3.12/site-packages/gpxpy/__init__.py", line 39, in parse
    return parser.parse(version)
           ^^^^^^^^^^^^^^^^^^^^^
  File "/usr/local/python/3.12.1/lib/python3.12/site-packages/gpxpy/parser.py", line 146, in parse
    raise mod_gpx.GPXXMLSyntaxException(f'Error parsing XML: {e}', e)
gpxpy.gpx.GPXXMLSyntaxException: Error parsing XML: no element found: line 1, column 0
"POST /api/activitytracker/record/ HTTP/1.1" 500 106888
Not Found: /favicon.ico
"GET /favicon.ico HTTP/1.1" 404 3348
/workspaces/activitytracker/activitytracker/forms.py changed, reloading.
Watching for file changes with StatReloader
/workspaces/activitytracker/activitytracker/forms.py changed, reloading.
Watching for file changes with StatReloader
Watching for file changes with StatReloader
"GET / HTTP/1.1" 200 3168
"GET /api/activitytracker/dashboard/ HTTP/1.1" 200 13805
Internal Server Error: /api/activitytracker/record/
Traceback (most recent call last):
  File "/usr/local/python/3.12.1/lib/python3.12/site-packages/gpxpy/parser.py", line 134, in parse
    root = mod_etree.XML(self.xml)
           ^^^^^^^^^^^^^^^^^^^^^^^
  File "/usr/local/python/3.12.1/lib/python3.12/xml/etree/ElementTree.py", line 1324, in XML
    return parser.close()
           ^^^^^^^^^^^^^^
xml.etree.ElementTree.ParseError: no element found: line 1, column 0

The above exception was the direct cause of the following exception:

Traceback (most recent call last):
  File "/usr/local/python/3.12.1/lib/python3.12/site-packages/django/core/handlers/exception.py", line 55, in inner
    response = get_response(request)
               ^^^^^^^^^^^^^^^^^^^^^
  File "/usr/local/python/3.12.1/lib/python3.12/site-packages/django/core/handlers/base.py", line 197, in _get_response
    response = wrapped_callback(request, *callback_args, **callback_kwargs)
               ^^^^^^^^^^^^^^^^^^^^^^^^^^^^^^^^^^^^^^^^^^^^^^^^^^^^^^^^^^^^
  File "/usr/local/python/3.12.1/lib/python3.12/site-packages/django/contrib/auth/decorators.py", line 23, in _wrapper_view
    return view_func(request, *args, **kwargs)
           ^^^^^^^^^^^^^^^^^^^^^^^^^^^^^^^^^^^
  File "/workspaces/activitytracker/activitytracker/views.py", line 125, in record_activity
    if form.is_valid():
       ^^^^^^^^^^^^^^^
  File "/usr/local/python/3.12.1/lib/python3.12/site-packages/django/forms/forms.py", line 197, in is_valid
    return self.is_bound and not self.errors
                                 ^^^^^^^^^^^
  File "/usr/local/python/3.12.1/lib/python3.12/site-packages/django/forms/forms.py", line 192, in errors
    self.full_clean()
  File "/usr/local/python/3.12.1/lib/python3.12/site-packages/django/forms/forms.py", line 327, in full_clean
    self._clean_fields()
  File "/usr/local/python/3.12.1/lib/python3.12/site-packages/django/forms/forms.py", line 342, in _clean_fields
    value = getattr(self, "clean_%s" % name)()
            ^^^^^^^^^^^^^^^^^^^^^^^^^^^^^^^^^^
  File "/workspaces/activitytracker/activitytracker/forms.py", line 111, in clean_file
    parsed_data = parse_gpx_file(uploaded_file)
                  ^^^^^^^^^^^^^^^^^^^^^^^^^^^^^
  File "/workspaces/activitytracker/activitytracker/forms.py", line 124, in parse_gpx_file
    gpx = gpxpy.parse(uploaded_file.read())
          ^^^^^^^^^^^^^^^^^^^^^^^^^^^^^^^^^
  File "/usr/local/python/3.12.1/lib/python3.12/site-packages/gpxpy/__init__.py", line 39, in parse
    return parser.parse(version)
           ^^^^^^^^^^^^^^^^^^^^^
  File "/usr/local/python/3.12.1/lib/python3.12/site-packages/gpxpy/parser.py", line 146, in parse
    raise mod_gpx.GPXXMLSyntaxException(f'Error parsing XML: {e}', e)
gpxpy.gpx.GPXXMLSyntaxException: Error parsing XML: no element found: line 1, column 0
"POST /api/activitytracker/record/ HTTP/1.1" 500 133633
"GET / HTTP/1.1" 200 3168
"GET /api/activitytracker/dashboard/ HTTP/1.1" 200 13805
Internal Server Error: /api/activitytracker/record/
Traceback (most recent call last):
  File "/usr/local/python/3.12.1/lib/python3.12/site-packages/django/core/handlers/exception.py", line 55, in inner
    response = get_response(request)
               ^^^^^^^^^^^^^^^^^^^^^
  File "/usr/local/python/3.12.1/lib/python3.12/site-packages/django/core/handlers/base.py", line 197, in _get_response
    response = wrapped_callback(request, *callback_args, **callback_kwargs)
               ^^^^^^^^^^^^^^^^^^^^^^^^^^^^^^^^^^^^^^^^^^^^^^^^^^^^^^^^^^^^
  File "/usr/local/python/3.12.1/lib/python3.12/site-packages/django/contrib/auth/decorators.py", line 23, in _wrapper_view
    return view_func(request, *args, **kwargs)
           ^^^^^^^^^^^^^^^^^^^^^^^^^^^^^^^^^^^
  File "/workspaces/activitytracker/activitytracker/views.py", line 125, in record_activity
    if form.is_valid():
       ^^^^^^^^^^^^^^^
  File "/usr/local/python/3.12.1/lib/python3.12/site-packages/django/forms/forms.py", line 197, in is_valid
    return self.is_bound and not self.errors
                                 ^^^^^^^^^^^
  File "/usr/local/python/3.12.1/lib/python3.12/site-packages/django/forms/forms.py", line 192, in errors
    self.full_clean()
  File "/usr/local/python/3.12.1/lib/python3.12/site-packages/django/forms/forms.py", line 327, in full_clean
    self._clean_fields()
  File "/usr/local/python/3.12.1/lib/python3.12/site-packages/django/forms/forms.py", line 342, in _clean_fields
    value = getattr(self, "clean_%s" % name)()
            ^^^^^^^^^^^^^^^^^^^^^^^^^^^^^^^^^^
  File "/workspaces/activitytracker/activitytracker/forms.py", line 100, in clean_file
    file_content = uploaded_file.read().decode('utf-8')
                   ^^^^^^^^^^^^^^^^^^^^^^^^^^^^^^^^^^^^
UnicodeDecodeError: 'utf-8' codec can't decode byte 0xa6 in position 5: invalid start byte
"POST /api/activitytracker/record/ HTTP/1.1" 500 111457
/workspaces/activitytracker/activitytracker/forms.py changed, reloading.
Watching for file changes with StatReloader
"POST /api/activitytracker/record/ HTTP/1.1" 200 6762
"GET /static/activitytracker/images/trackerlogo.jpg HTTP/1.1" 200 196085
"GET /static/activitytracker/images/backgroundimage.jpg HTTP/1.1" 200 6235780
"POST /api/activitytracker/record/ HTTP/1.1" 200 6762
"GET /static/activitytracker/images/trackerlogo.jpg HTTP/1.1" 200 196085
"GET /static/activitytracker/images/backgroundimage.jpg HTTP/1.1" 200 6235780
"GET /static/activitytracker/images/favicon.ico HTTP/1.1" 200 15406
"POST /api/activitytracker/record/ HTTP/1.1" 200 6762
"GET / HTTP/1.1" 200 3168
"GET /api/activitytracker/dashboard/ HTTP/1.1" 200 13805
"POST /api/activitytracker/record/ HTTP/1.1" 200 6762
/workspaces/activitytracker/activitytracker/forms.py changed, reloading.
Watching for file changes with StatReloader
"GET / HTTP/1.1" 200 3168
"GET /api/activitytracker/dashboard/ HTTP/1.1" 200 13805
"POST /api/activitytracker/record/ HTTP/1.1" 302 0
"GET /api/activitytracker/dashboard/ HTTP/1.1" 200 14267
"GET /api/activitytracker/update/38/ HTTP/1.1" 200 5398
"POST /api/activitytracker/update/38/ HTTP/1.1" 302 0
"GET /api/activitytracker/list/ HTTP/1.1" 200 14267
"GET /api/activitytracker/update/38/ HTTP/1.1" 200 5398
/workspaces/activitytracker/activitytracker/models.py changed, reloading.
Watching for file changes with StatReloader
"GET / HTTP/1.1" 200 3168
"GET /api/activitytracker/dashboard/ HTTP/1.1" 200 14253
"GET /api/activitytracker/dashboard/ HTTP/1.1" 200 14246
"GET /static/activitytracker/images/trackerlogo.jpg HTTP/1.1" 200 196085
"GET /static/activitytracker/images/backgroundimage.jpg HTTP/1.1" 200 6235780
"GET /static/activitytracker/images/favicon.ico HTTP/1.1" 200 15406
/workspaces/activitytracker/activitytracker/urls.py changed, reloading.
Watching for file changes with StatReloader
Unauthorized: /api/activitytracker/api/activities/
/workspaces/activitytracker/activitytracker/views.py changed, reloading.
Watching for file changes with StatReloader
Unauthorized: /api/activitytracker/api/activities/
Unauthorized: /api/activitytracker/api/activities/
"GET / HTTP/1.1" 200 3168
"GET /api/activitytracker/accounts/profile/ HTTP/1.1" 200 4605
"GET /static/css/register.css HTTP/1.1" 200 523
Unauthorized: /api/activitytracker/api/activities/
Unauthorized: /api/activitytracker/api/activities/
Unauthorized: /api/activitytracker/api/activities/
Unauthorized: /api/activitytracker/api/activities/
Unauthorized: /api/activitytracker/api/activities/
Unauthorized: /api/activitytracker/api/activities/
Unauthorized: /api/activitytracker/api/activities/
Unauthorized: /api/activitytracker/api/activities/
Unauthorized: /api/activitytracker/api/activities/
Unauthorized: /api/activitytracker/api/activities/
Unauthorized: /api/activitytracker/api/activities/
Watching for file changes with StatReloader
Unauthorized: /api/activitytracker/api/activities/
/workspaces/activitytracker/activitytracker/urls.py changed, reloading.
Watching for file changes with StatReloader
Unauthorized: /api/activitytracker/api/activities/
Unauthorized: /api/activitytracker/api/activities/
/workspaces/activitytracker/activitytracker/views.py changed, reloading.
Watching for file changes with StatReloader
Bad Request: /api/activitytracker/record/
Unauthorized: /api/activitytracker/api/activities/
/workspaces/activitytracker/activitytracker/views.py changed, reloading.
Watching for file changes with StatReloader
/workspaces/activitytracker/activitytracker/views.py changed, reloading.
Watching for file changes with StatReloader
/workspaces/activitytracker/activitytracker/views.py changed, reloading.
Watching for file changes with StatReloader
/workspaces/activitytracker/activitytracker/views.py changed, reloading.
Watching for file changes with StatReloader
Internal Server Error: /api/activitytracker/record/
Traceback (most recent call last):
  File "/usr/local/python/3.12.1/lib/python3.12/site-packages/django/core/handlers/exception.py", line 55, in inner
    response = get_response(request)
               ^^^^^^^^^^^^^^^^^^^^^
  File "/usr/local/python/3.12.1/lib/python3.12/site-packages/django/core/handlers/base.py", line 197, in _get_response
    response = wrapped_callback(request, *callback_args, **callback_kwargs)
               ^^^^^^^^^^^^^^^^^^^^^^^^^^^^^^^^^^^^^^^^^^^^^^^^^^^^^^^^^^^^
  File "/usr/local/python/3.12.1/lib/python3.12/site-packages/django/views/decorators/csrf.py", line 65, in _view_wrapper
    return view_func(request, *args, **kwargs)
           ^^^^^^^^^^^^^^^^^^^^^^^^^^^^^^^^^^^
  File "/usr/local/python/3.12.1/lib/python3.12/site-packages/django/views/generic/base.py", line 104, in view
    return self.dispatch(request, *args, **kwargs)
           ^^^^^^^^^^^^^^^^^^^^^^^^^^^^^^^^^^^^^^^
  File "/usr/local/python/3.12.1/lib/python3.12/site-packages/rest_framework/views.py", line 509, in dispatch
    response = self.handle_exception(exc)
               ^^^^^^^^^^^^^^^^^^^^^^^^^^
  File "/usr/local/python/3.12.1/lib/python3.12/site-packages/rest_framework/views.py", line 469, in handle_exception
    self.raise_uncaught_exception(exc)
  File "/usr/local/python/3.12.1/lib/python3.12/site-packages/rest_framework/views.py", line 480, in raise_uncaught_exception
    raise exc
  File "/usr/local/python/3.12.1/lib/python3.12/site-packages/rest_framework/views.py", line 506, in dispatch
    response = handler(request, *args, **kwargs)
               ^^^^^^^^^^^^^^^^^^^^^^^^^^^^^^^^^
  File "/usr/local/python/3.12.1/lib/python3.12/site-packages/rest_framework/decorators.py", line 50, in handler
    return func(*args, **kwargs)
           ^^^^^^^^^^^^^^^^^^^^^
  File "/workspaces/activitytracker/activitytracker/views.py", line 105, in record_activity
    if form.is_valid():
       ^^^^^^^^^^^^^^^
  File "/usr/local/python/3.12.1/lib/python3.12/site-packages/django/forms/forms.py", line 197, in is_valid
    return self.is_bound and not self.errors
                                 ^^^^^^^^^^^
  File "/usr/local/python/3.12.1/lib/python3.12/site-packages/django/forms/forms.py", line 192, in errors
    self.full_clean()
  File "/usr/local/python/3.12.1/lib/python3.12/site-packages/django/forms/forms.py", line 327, in full_clean
    self._clean_fields()
  File "/usr/local/python/3.12.1/lib/python3.12/site-packages/django/forms/forms.py", line 342, in _clean_fields
    value = getattr(self, "clean_%s" % name)()
            ^^^^^^^^^^^^^^^^^^^^^^^^^^^^^^^^^^
  File "/workspaces/activitytracker/activitytracker/forms.py", line 79, in clean_duration
    parts = duration.split(':')
            ^^^^^^^^^^^^^^
AttributeError: 'datetime.timedelta' object has no attribute 'split'
Unauthorized: /api/activitytracker/api/activities/
/workspaces/activitytracker/activitytracker/forms.py changed, reloading.
Watching for file changes with StatReloader
Watching for file changes with StatReloader
/workspaces/activitytracker/activitytracker/forms.py changed, reloading.
Watching for file changes with StatReloader
Watching for file changes with StatReloader
Unauthorized: /api/activitytracker/api/activities/
/workspaces/activitytracker/activitytracker/views.py changed, reloading.
Watching for file changes with StatReloader
/workspaces/activitytracker/activitytracker/urls.py changed, reloading.
Watching for file changes with StatReloader
/workspaces/activitytracker/tracker/settings.py changed, reloading.
Watching for file changes with StatReloader
Unauthorized: /api/token/
"POST /api/token/ HTTP/1.1" 401 63
/workspaces/activitytracker/activitytracker/urls.py changed, reloading.
Watching for file changes with StatReloader
Watching for file changes with StatReloader
Unauthorized: /api/token/
"POST /api/token/ HTTP/1.1" 401 63
Watching for file changes with StatReloader
Unauthorized: /api/token/
"POST /api/token/ HTTP/1.1" 401 63
"POST /api/token/ HTTP/1.1" 200 486
Not Found: /your-protected-endpoint/
"GET /your-protected-endpoint/ HTTP/1.1" 404 3387
Unauthorized: /api/activitytracker/activity-log/
Unauthorized: /api/activitytracker/api/activities/
Unauthorized: /api/activitytracker/api/register/
Bad Request: /api/activitytracker/api/activities/
Unauthorized: /api/activitytracker/api/register/
/workspaces/activitytracker/activitytracker/views.py changed, reloading.
Watching for file changes with StatReloader
/workspaces/activitytracker/activitytracker/views.py changed, reloading.
Watching for file changes with StatReloader
Bad Request: /api/activitytracker/api/activities/
Watching for file changes with StatReloader
/workspaces/activitytracker/tracker/settings.py changed, reloading.
Watching for file changes with StatReloader
Watching for file changes with StatReloader
"GET / HTTP/1.1" 200 3207
"GET /static/activitytracker/images/trackerlogo.5b7e1935d7c4.jpg HTTP/1.1" 200 196085
"GET /static/activitytracker/images/backgroundimage.d57f018aabe7.jpg HTTP/1.1" 200 6235780
"GET /static/activitytracker/images/favicon.5e01ee175994.ico HTTP/1.1" 200 3151
"GET /api/activitytracker/dashboard/ HTTP/1.1" 200 14285
"GET /api/activitytracker/accounts/profile/ HTTP/1.1" 200 4657
"GET /static/css/register.83200db6a3c7.css HTTP/1.1" 200 278
"GET / HTTP/1.1" 200 3207
/workspaces/activitytracker/tracker/settings.py changed, reloading.
Watching for file changes with StatReloader
"GET / HTTP/1.1" 200 3207
"GET /api/activitytracker/dashboard/ HTTP/1.1" 200 14285
"GET /api/activitytracker/accounts/profile/ HTTP/1.1" 200 4657
"GET / HTTP/1.1" 200 3207
/workspaces/activitytracker/tracker/settings.py changed, reloading.
Watching for file changes with StatReloader
/workspaces/activitytracker/tracker/settings.py changed, reloading.
Watching for file changes with StatReloader
/workspaces/activitytracker/tracker/settings.py changed, reloading.
Watching for file changes with StatReloader
/workspaces/activitytracker/tracker/settings.py changed, reloading.
Watching for file changes with StatReloader
/workspaces/activitytracker/tracker/settings.py changed, reloading.
Watching for file changes with StatReloader
Watching for file changes with StatReloader
Watching for file changes with StatReloader
Watching for file changes with StatReloader
Watching for file changes with StatReloader
Watching for file changes with StatReloader
/workspaces/activitytracker/activitytracker/forms.py changed, reloading.
Watching for file changes with StatReloader
/workspaces/activitytracker/activitytracker/forms.py changed, reloading.
Watching for file changes with StatReloader
"GET / HTTP/1.1" 200 3168
"GET /static/activitytracker/images/backgroundimage.jpg HTTP/1.1" 304 0
"GET /static/activitytracker/images/trackerlogo.jpg HTTP/1.1" 304 0
"GET /static/activitytracker/images/favicon.ico HTTP/1.1" 304 0
Watching for file changes with StatReloader
Watching for file changes with StatReloader
Watching for file changes with StatReloader
Not Found: /favicon.ico
"GET /favicon.ico HTTP/1.1" 404 3876
"GET / HTTP/1.1" 200 2997
"GET /api/activitytracker/about/ HTTP/1.1" 200 3270
"GET /accounts/login/ HTTP/1.1" 200 3675
"POST /accounts/login/ HTTP/1.1" 200 3834
"POST /accounts/login/ HTTP/1.1" 302 0
"GET /api/activitytracker/dashboard/ HTTP/1.1" 200 14246
"GET /api/activitytracker/accounts/profile/ HTTP/1.1" 200 4605
"GET /static/css/register.css HTTP/1.1" 304 0
/workspaces/activitytracker/tracker/settings.py changed, reloading.
Watching for file changes with StatReloader
/workspaces/activitytracker/tracker/settings.py changed, reloading.
Watching for file changes with StatReloader
Watching for file changes with StatReloader
"GET / HTTP/1.1" 200 3168
"GET /api/activitytracker/dashboard/ HTTP/1.1" 200 14246
Bad Request: /api/activitytracker/api/activities/
Watching for file changes with StatReloader
"GET / HTTP/1.1" 200 3168
"GET /api/activitytracker/dashboard/ HTTP/1.1" 200 14246
/workspaces/activitytracker/tracker/settings.py changed, reloading.
Watching for file changes with StatReloader
Watching for file changes with StatReloader
Internal Server Error: /favicon.ico
Traceback (most recent call last):
  File "/home/codespace/.pyenv/versions/3.10.16/lib/python3.10/site-packages/django/core/handlers/exception.py", line 55, in inner
    response = get_response(request)
  File "/home/codespace/.pyenv/versions/3.10.16/lib/python3.10/site-packages/django/core/handlers/base.py", line 181, in _get_response
    callback, callback_args, callback_kwargs = self.resolve_request(request)
  File "/home/codespace/.pyenv/versions/3.10.16/lib/python3.10/site-packages/django/core/handlers/base.py", line 313, in resolve_request
    resolver_match = resolver.resolve(request.path_info)
  File "/home/codespace/.pyenv/versions/3.10.16/lib/python3.10/site-packages/django/urls/resolvers.py", line 705, in resolve
    raise Resolver404({"tried": tried, "path": new_path})
django.urls.exceptions.Resolver404: {'tried': [[<URLPattern '' [name='home']>], [<URLPattern 'home/' [name='home_redirect']>], [<URLResolver <URLPattern list> (admin:admin) 'admin/'>], [<URLResolver <module 'users.urls' from '/workspaces/activitytracker/users/urls.py'> (None:None) 'api/users/'>], [<URLResolver <module 'activitytracker.urls' from '/workspaces/activitytracker/activitytracker/urls.py'> (None:None) 'api/activitytracker/'>], [<URLPattern 'api/login/' [name='api-login']>], [<URLResolver <module 'django.contrib.auth.urls' from '/home/codespace/.pyenv/versions/3.10.16/lib/python3.10/site-packages/django/contrib/auth/urls.py'> (None:None) 'accounts/'>], [<URLPattern 'api/token/' [name='token_obtain_pair']>], [<URLPattern 'api/token/refresh/' [name='token_refresh']>], [<URLPattern 'csrf/' [name='get_csrf_token']>]], 'path': 'favicon.ico'}

During handling of the above exception, another exception occurred:

Traceback (most recent call last):
  File "/home/codespace/.pyenv/versions/3.10.16/lib/python3.10/site-packages/django/core/handlers/exception.py", line 55, in inner
    response = get_response(request)
  File "/home/codespace/.pyenv/versions/3.10.16/lib/python3.10/site-packages/django/utils/deprecation.py", line 129, in __call__
    response = response or self.get_response(request)
  File "/home/codespace/.pyenv/versions/3.10.16/lib/python3.10/site-packages/django/core/handlers/exception.py", line 57, in inner
    response = response_for_exception(request, exc)
  File "/home/codespace/.pyenv/versions/3.10.16/lib/python3.10/site-packages/django/core/handlers/exception.py", line 156, in response_for_exception
    response = response.render()
  File "/home/codespace/.pyenv/versions/3.10.16/lib/python3.10/site-packages/django/template/response.py", line 114, in render
    self.content = self.rendered_content
  File "/home/codespace/.pyenv/versions/3.10.16/lib/python3.10/site-packages/django/template/response.py", line 90, in rendered_content
    template = self.resolve_template(self.template_name)
  File "/home/codespace/.pyenv/versions/3.10.16/lib/python3.10/site-packages/django/template/response.py", line 72, in resolve_template
    return select_template(template, using=self.using)
  File "/home/codespace/.pyenv/versions/3.10.16/lib/python3.10/site-packages/django/template/loader.py", line 47, in select_template
    raise TemplateDoesNotExist(", ".join(template_name_list), chain=chain)
django.template.exceptions.TemplateDoesNotExist: index.html
"GET /favicon.ico HTTP/1.1" 500 145
"GET / HTTP/1.1" 200 3168
"GET /static/activitytracker/images/trackerlogo.jpg HTTP/1.1" 200 196085
"GET /static/activitytracker/images/backgroundimage.jpg HTTP/1.1" 200 6235780
"GET /static/activitytracker/images/favicon.ico HTTP/1.1" 200 3151
"GET / HTTP/1.1" 200 3168
"GET / HTTP/1.1" 200 3168
"GET /api/activitytracker/dashboard/ HTTP/1.1" 200 14246
"GET /api/activitytracker/accounts/profile/ HTTP/1.1" 200 4605
"GET /static/css/register.css HTTP/1.1" 200 278
Watching for file changes with StatReloader
"GET / HTTP/1.1" 200 3168
"GET /static/activitytracker/images/backgroundimage.jpg HTTP/1.1" 304 0
"GET /static/activitytracker/images/trackerlogo.jpg HTTP/1.1" 304 0
Watching for file changes with StatReloader
Watching for file changes with StatReloader
Internal Server Error: /favicon.ico
Traceback (most recent call last):
  File "/home/codespace/.pyenv/versions/3.10.16/lib/python3.10/site-packages/django/core/handlers/exception.py", line 55, in inner
    response = get_response(request)
  File "/home/codespace/.pyenv/versions/3.10.16/lib/python3.10/site-packages/django/core/handlers/base.py", line 181, in _get_response
    callback, callback_args, callback_kwargs = self.resolve_request(request)
  File "/home/codespace/.pyenv/versions/3.10.16/lib/python3.10/site-packages/django/core/handlers/base.py", line 313, in resolve_request
    resolver_match = resolver.resolve(request.path_info)
  File "/home/codespace/.pyenv/versions/3.10.16/lib/python3.10/site-packages/django/urls/resolvers.py", line 705, in resolve
    raise Resolver404({"tried": tried, "path": new_path})
django.urls.exceptions.Resolver404: {'tried': [[<URLPattern '' [name='home']>], [<URLPattern 'home/' [name='home_redirect']>], [<URLResolver <URLPattern list> (admin:admin) 'admin/'>], [<URLResolver <module 'users.urls' from '/workspaces/activitytracker/users/urls.py'> (None:None) 'api/users/'>], [<URLResolver <module 'activitytracker.urls' from '/workspaces/activitytracker/activitytracker/urls.py'> (None:None) 'api/activitytracker/'>], [<URLPattern 'api/login/' [name='api-login']>], [<URLResolver <module 'django.contrib.auth.urls' from '/home/codespace/.pyenv/versions/3.10.16/lib/python3.10/site-packages/django/contrib/auth/urls.py'> (None:None) 'accounts/'>], [<URLPattern 'api/token/' [name='token_obtain_pair']>], [<URLPattern 'api/token/refresh/' [name='token_refresh']>], [<URLPattern 'csrf/' [name='get_csrf_token']>]], 'path': 'favicon.ico'}

During handling of the above exception, another exception occurred:

Traceback (most recent call last):
  File "/home/codespace/.pyenv/versions/3.10.16/lib/python3.10/site-packages/django/core/handlers/exception.py", line 55, in inner
    response = get_response(request)
  File "/home/codespace/.pyenv/versions/3.10.16/lib/python3.10/site-packages/django/utils/deprecation.py", line 129, in __call__
    response = response or self.get_response(request)
  File "/home/codespace/.pyenv/versions/3.10.16/lib/python3.10/site-packages/django/core/handlers/exception.py", line 57, in inner
    response = response_for_exception(request, exc)
  File "/home/codespace/.pyenv/versions/3.10.16/lib/python3.10/site-packages/django/core/handlers/exception.py", line 156, in response_for_exception
    response = response.render()
  File "/home/codespace/.pyenv/versions/3.10.16/lib/python3.10/site-packages/django/template/response.py", line 114, in render
    self.content = self.rendered_content
  File "/home/codespace/.pyenv/versions/3.10.16/lib/python3.10/site-packages/django/template/response.py", line 90, in rendered_content
    template = self.resolve_template(self.template_name)
  File "/home/codespace/.pyenv/versions/3.10.16/lib/python3.10/site-packages/django/template/response.py", line 72, in resolve_template
    return select_template(template, using=self.using)
  File "/home/codespace/.pyenv/versions/3.10.16/lib/python3.10/site-packages/django/template/loader.py", line 47, in select_template
    raise TemplateDoesNotExist(", ".join(template_name_list), chain=chain)
django.template.exceptions.TemplateDoesNotExist: index.html
"GET /favicon.ico HTTP/1.1" 500 145
"GET / HTTP/1.1" 200 3168
"GET /static/activitytracker/images/trackerlogo.jpg HTTP/1.1" 200 196085
"GET /static/activitytracker/images/backgroundimage.jpg HTTP/1.1" 200 6235780
"GET /static/activitytracker/images/favicon.ico HTTP/1.1" 304 0
"GET /api/activitytracker/dashboard/ HTTP/1.1" 200 14246
"POST /accounts/logout/ HTTP/1.1" 302 0
"GET / HTTP/1.1" 200 2997
"GET /static/activitytracker/images/backgroundimage.jpg HTTP/1.1" 304 0
"GET /static/activitytracker/images/trackerlogo.jpg HTTP/1.1" 304 0
Watching for file changes with StatReloader
/workspaces/activitytracker/tracker/settings.py changed, reloading.
Watching for file changes with StatReloader
Not Found: /favicon.ico
"GET /favicon.ico HTTP/1.1" 404 3876
"GET / HTTP/1.1" 200 2997
"GET /static/activitytracker/images/trackerlogo.jpg HTTP/1.1" 304 0
"GET /static/activitytracker/images/backgroundimage.jpg HTTP/1.1" 304 0
"GET /accounts/login/ HTTP/1.1" 200 3675
"POST /accounts/login/ HTTP/1.1" 200 3834
"POST /accounts/login/ HTTP/1.1" 302 0
"GET /api/activitytracker/dashboard/ HTTP/1.1" 200 7029
"GET /api/activitytracker/accounts/profile/ HTTP/1.1" 200 4606
"GET /static/css/register.css HTTP/1.1" 304 0
"GET /api/activitytracker/dashboard/ HTTP/1.1" 200 7029
/workspaces/activitytracker/tracker/settings.py changed, reloading.
Watching for file changes with StatReloader
Watching for file changes with StatReloader
/workspaces/activitytracker/tracker/settings.py changed, reloading.
/workspaces/activitytracker/tracker/settings.py changed, reloading.
Watching for file changes with StatReloader
Watching for file changes with StatReloader
"GET / HTTP/1.1" 200 3168
"GET /static/activitytracker/images/trackerlogo.jpg HTTP/1.1" 304 0
"GET /static/activitytracker/images/backgroundimage.jpg HTTP/1.1" 304 0
"GET /api/activitytracker/dashboard/ HTTP/1.1" 200 7029
/workspaces/activitytracker/activitytracker/views.py changed, reloading.
Watching for file changes with StatReloader
/workspaces/activitytracker/activitytracker/views.py changed, reloading.
Watching for file changes with StatReloader
Watching for file changes with StatReloader
Watching for file changes with StatReloader
/workspaces/activitytracker/activitytracker/urls.py changed, reloading.
Watching for file changes with StatReloader
/workspaces/activitytracker/activitytracker/urls.py changed, reloading.
Watching for file changes with StatReloader
/workspaces/activitytracker/activitytracker/urls.py changed, reloading.
Watching for file changes with StatReloader
"GET / HTTP/1.1" 200 3168
"GET /static/activitytracker/images/trackerlogo.jpg HTTP/1.1" 304 0
"GET /static/activitytracker/images/backgroundimage.jpg HTTP/1.1" 304 0
"POST /accounts/logout/ HTTP/1.1" 302 0
"GET / HTTP/1.1" 200 2997
"GET /api/activitytracker/register/ HTTP/1.1" 200 6704
"GET /static/css/register.css HTTP/1.1" 304 0
/workspaces/activitytracker/tracker/settings.py changed, reloading.
Watching for file changes with StatReloader
"OPTIONS /api/register/ HTTP/1.1" 200 0
Not Found: /api/register/
"POST /api/register/ HTTP/1.1" 404 3883
Not Found: /api/register/
"POST /api/register/ HTTP/1.1" 404 3883
Not Found: /api/register/
"POST /api/register/ HTTP/1.1" 404 3883
Not Found: /api/register/
"POST /api/register/ HTTP/1.1" 404 3883
Not Found: /api/register/
"POST /api/register/ HTTP/1.1" 404 3883
"OPTIONS /api/register/ HTTP/1.1" 200 0
Not Found: /api/register/
"POST /api/register/ HTTP/1.1" 404 3883
"OPTIONS /api/register/ HTTP/1.1" 200 0
Not Found: /api/register/
"POST /api/register/ HTTP/1.1" 404 3883
"OPTIONS /api/register/ HTTP/1.1" 200 0
Not Found: /api/register/
"POST /api/register/ HTTP/1.1" 404 3883
"OPTIONS /api/register/ HTTP/1.1" 200 0
Not Found: /api/register/
"POST /api/register/ HTTP/1.1" 404 3883
Watching for file changes with StatReloader
/workspaces/activitytracker/tracker/urls.py changed, reloading.
Watching for file changes with StatReloader
/workspaces/activitytracker/tracker/urls.py changed, reloading.
Watching for file changes with StatReloader
Watching for file changes with StatReloader
/workspaces/activitytracker/tracker/urls.py changed, reloading.
Watching for file changes with StatReloader
"GET / HTTP/1.1" 200 2997
"GET /static/activitytracker/images/trackerlogo.jpg HTTP/1.1" 304 0
"GET /static/activitytracker/images/backgroundimage.jpg HTTP/1.1" 304 0
"GET /?vscodeBrowserReqId=1743355368786 HTTP/1.1" 200 2997
Watching for file changes with StatReloader
"GET / HTTP/1.1" 200 2997
"GET /static/activitytracker/images/trackerlogo.jpg HTTP/1.1" 304 0
"GET /static/activitytracker/images/backgroundimage.jpg HTTP/1.1" 304 0
"GET /api/register HTTP/1.1" 301 0
Method Not Allowed: /api/register/
"GET /api/register/ HTTP/1.1" 405 10339
"GET /static/rest_framework/css/bootstrap-tweaks.css HTTP/1.1" 200 3426
"GET /static/rest_framework/css/default.css HTTP/1.1" 200 1152
"GET /static/rest_framework/css/prettify.css HTTP/1.1" 200 817
"GET /static/rest_framework/js/ajax-form.js HTTP/1.1" 200 3796
"GET /static/rest_framework/js/bootstrap.min.js HTTP/1.1" 200 39680
"GET /static/rest_framework/js/default.js HTTP/1.1" 200 1268
"GET /static/rest_framework/js/prettify-min.js HTTP/1.1" 200 13632
"GET /static/rest_framework/js/load-ajax-form.js HTTP/1.1" 200 59
"GET /static/rest_framework/js/jquery-3.7.1.min.js HTTP/1.1" 200 87533
"GET /static/rest_framework/js/csrf.js HTTP/1.1" 200 1793
"GET /static/rest_framework/css/bootstrap.min.css HTTP/1.1" 200 121457
"GET /static/rest_framework/img/grid.png HTTP/1.1" 200 1458
/workspaces/activitytracker/activitytracker/views.py changed, reloading.
Watching for file changes with StatReloader
"GET / HTTP/1.1" 200 2997
"GET /static/activitytracker/images/trackerlogo.jpg HTTP/1.1" 304 0
"GET /static/activitytracker/images/backgroundimage.jpg HTTP/1.1" 304 0
"GET /api/activitytracker/register/ HTTP/1.1" 200 6704
"GET /static/css/register.css HTTP/1.1" 304 0
/workspaces/activitytracker/activitytracker/views.py changed, reloading.
Watching for file changes with StatReloader
/workspaces/activitytracker/activitytracker/views.py changed, reloading.
Watching for file changes with StatReloader
Watching for file changes with StatReloader
Watching for file changes with StatReloader
Watching for file changes with StatReloader
Internal Server Error: /
Traceback (most recent call last):
  File "/home/codespace/.pyenv/versions/3.10.16/lib/python3.10/site-packages/django/core/handlers/exception.py", line 55, in inner
    response = get_response(request)
  File "/home/codespace/.pyenv/versions/3.10.16/lib/python3.10/site-packages/django/core/handlers/base.py", line 197, in _get_response
    response = wrapped_callback(request, *callback_args, **callback_kwargs)
  File "/workspaces/activitytracker/activitytracker/views.py", line 32, in home
    return render(request, "activitytracker/base.html")
  File "/home/codespace/.pyenv/versions/3.10.16/lib/python3.10/site-packages/django/shortcuts.py", line 25, in render
    content = loader.render_to_string(template_name, context, request, using=using)
  File "/home/codespace/.pyenv/versions/3.10.16/lib/python3.10/site-packages/django/template/loader.py", line 62, in render_to_string
    return template.render(context, request)
  File "/home/codespace/.pyenv/versions/3.10.16/lib/python3.10/site-packages/django/template/backends/django.py", line 107, in render
    return self.template.render(context)
  File "/home/codespace/.pyenv/versions/3.10.16/lib/python3.10/site-packages/django/template/base.py", line 171, in render
    return self._render(context)
  File "/home/codespace/.pyenv/versions/3.10.16/lib/python3.10/site-packages/django/template/base.py", line 163, in _render
    return self.nodelist.render(context)
  File "/home/codespace/.pyenv/versions/3.10.16/lib/python3.10/site-packages/django/template/base.py", line 1008, in render
    return SafeString("".join([node.render_annotated(context) for node in self]))
  File "/home/codespace/.pyenv/versions/3.10.16/lib/python3.10/site-packages/django/template/base.py", line 1008, in <listcomp>
    return SafeString("".join([node.render_annotated(context) for node in self]))
  File "/home/codespace/.pyenv/versions/3.10.16/lib/python3.10/site-packages/django/template/base.py", line 969, in render_annotated
    return self.render(context)
  File "/home/codespace/.pyenv/versions/3.10.16/lib/python3.10/site-packages/django/template/defaulttags.py", line 327, in render
    return nodelist.render(context)
  File "/home/codespace/.pyenv/versions/3.10.16/lib/python3.10/site-packages/django/template/base.py", line 1008, in render
    return SafeString("".join([node.render_annotated(context) for node in self]))
  File "/home/codespace/.pyenv/versions/3.10.16/lib/python3.10/site-packages/django/template/base.py", line 1008, in <listcomp>
    return SafeString("".join([node.render_annotated(context) for node in self]))
  File "/home/codespace/.pyenv/versions/3.10.16/lib/python3.10/site-packages/django/template/base.py", line 969, in render_annotated
    return self.render(context)
  File "/home/codespace/.pyenv/versions/3.10.16/lib/python3.10/site-packages/django/template/defaulttags.py", line 480, in render
    url = reverse(view_name, args=args, kwargs=kwargs, current_app=current_app)
  File "/home/codespace/.pyenv/versions/3.10.16/lib/python3.10/site-packages/django/urls/base.py", line 88, in reverse
    return resolver._reverse_with_prefix(view, prefix, *args, **kwargs)
  File "/home/codespace/.pyenv/versions/3.10.16/lib/python3.10/site-packages/django/urls/resolvers.py", line 831, in _reverse_with_prefix
    raise NoReverseMatch(msg)
django.urls.exceptions.NoReverseMatch: Reverse for 'register' not found. 'register' is not a valid view function or pattern name.
"GET / HTTP/1.1" 500 153630
/workspaces/activitytracker/activitytracker/urls.py changed, reloading.
Watching for file changes with StatReloader
/workspaces/activitytracker/activitytracker/views.py changed, reloading.
/workspaces/activitytracker/activitytracker/views.py changed, reloading.
Watching for file changes with StatReloader
/workspaces/activitytracker/activitytracker/views.py changed, reloading.
/workspaces/activitytracker/activitytracker/views.py changed, reloading.
Watching for file changes with StatReloader
Watching for file changes with StatReloader
Watching for file changes with StatReloader
"GET / HTTP/1.1" 200 2997
"GET /static/activitytracker/images/trackerlogo.jpg HTTP/1.1" 304 0
"GET /static/activitytracker/images/backgroundimage.jpg HTTP/1.1" 304 0
"GET /api/activitytracker/register/ HTTP/1.1" 200 6704
"GET /static/css/register.css HTTP/1.1" 304 0
"GET /accounts/login/ HTTP/1.1" 200 3675
"POST /accounts/login/ HTTP/1.1" 302 0
Internal Server Error: /api/activitytracker/dashboard/
Traceback (most recent call last):
  File "/home/codespace/.pyenv/versions/3.10.16/lib/python3.10/site-packages/django/core/handlers/exception.py", line 55, in inner
    response = get_response(request)
  File "/home/codespace/.pyenv/versions/3.10.16/lib/python3.10/site-packages/django/core/handlers/base.py", line 197, in _get_response
    response = wrapped_callback(request, *callback_args, **callback_kwargs)
  File "/home/codespace/.pyenv/versions/3.10.16/lib/python3.10/site-packages/django/contrib/auth/decorators.py", line 60, in _view_wrapper
    return view_func(request, *args, **kwargs)
  File "/workspaces/activitytracker/activitytracker/views.py", line 106, in dashboard
    return render(
  File "/home/codespace/.pyenv/versions/3.10.16/lib/python3.10/site-packages/django/shortcuts.py", line 25, in render
    content = loader.render_to_string(template_name, context, request, using=using)
  File "/home/codespace/.pyenv/versions/3.10.16/lib/python3.10/site-packages/django/template/loader.py", line 62, in render_to_string
    return template.render(context, request)
  File "/home/codespace/.pyenv/versions/3.10.16/lib/python3.10/site-packages/django/template/backends/django.py", line 107, in render
    return self.template.render(context)
  File "/home/codespace/.pyenv/versions/3.10.16/lib/python3.10/site-packages/django/template/base.py", line 171, in render
    return self._render(context)
  File "/home/codespace/.pyenv/versions/3.10.16/lib/python3.10/site-packages/django/template/base.py", line 163, in _render
    return self.nodelist.render(context)
  File "/home/codespace/.pyenv/versions/3.10.16/lib/python3.10/site-packages/django/template/base.py", line 1008, in render
    return SafeString("".join([node.render_annotated(context) for node in self]))
  File "/home/codespace/.pyenv/versions/3.10.16/lib/python3.10/site-packages/django/template/base.py", line 1008, in <listcomp>
    return SafeString("".join([node.render_annotated(context) for node in self]))
  File "/home/codespace/.pyenv/versions/3.10.16/lib/python3.10/site-packages/django/template/base.py", line 969, in render_annotated
    return self.render(context)
  File "/home/codespace/.pyenv/versions/3.10.16/lib/python3.10/site-packages/django/template/loader_tags.py", line 159, in render
    return compiled_parent._render(context)
  File "/home/codespace/.pyenv/versions/3.10.16/lib/python3.10/site-packages/django/template/base.py", line 163, in _render
    return self.nodelist.render(context)
  File "/home/codespace/.pyenv/versions/3.10.16/lib/python3.10/site-packages/django/template/base.py", line 1008, in render
    return SafeString("".join([node.render_annotated(context) for node in self]))
  File "/home/codespace/.pyenv/versions/3.10.16/lib/python3.10/site-packages/django/template/base.py", line 1008, in <listcomp>
    return SafeString("".join([node.render_annotated(context) for node in self]))
  File "/home/codespace/.pyenv/versions/3.10.16/lib/python3.10/site-packages/django/template/base.py", line 969, in render_annotated
    return self.render(context)
  File "/home/codespace/.pyenv/versions/3.10.16/lib/python3.10/site-packages/django/template/loader_tags.py", line 65, in render
    result = block.nodelist.render(context)
  File "/home/codespace/.pyenv/versions/3.10.16/lib/python3.10/site-packages/django/template/base.py", line 1008, in render
    return SafeString("".join([node.render_annotated(context) for node in self]))
  File "/home/codespace/.pyenv/versions/3.10.16/lib/python3.10/site-packages/django/template/base.py", line 1008, in <listcomp>
    return SafeString("".join([node.render_annotated(context) for node in self]))
  File "/home/codespace/.pyenv/versions/3.10.16/lib/python3.10/site-packages/django/template/base.py", line 969, in render_annotated
    return self.render(context)
  File "/home/codespace/.pyenv/versions/3.10.16/lib/python3.10/site-packages/django/template/defaulttags.py", line 243, in render
    nodelist.append(node.render_annotated(context))
  File "/home/codespace/.pyenv/versions/3.10.16/lib/python3.10/site-packages/django/template/base.py", line 969, in render_annotated
    return self.render(context)
  File "/home/codespace/.pyenv/versions/3.10.16/lib/python3.10/site-packages/django/template/defaulttags.py", line 480, in render
    url = reverse(view_name, args=args, kwargs=kwargs, current_app=current_app)
  File "/home/codespace/.pyenv/versions/3.10.16/lib/python3.10/site-packages/django/urls/base.py", line 88, in reverse
    return resolver._reverse_with_prefix(view, prefix, *args, **kwargs)
  File "/home/codespace/.pyenv/versions/3.10.16/lib/python3.10/site-packages/django/urls/resolvers.py", line 831, in _reverse_with_prefix
    raise NoReverseMatch(msg)
django.urls.exceptions.NoReverseMatch: Reverse for 'update_activity' not found. 'update_activity' is not a valid view function or pattern name.
"GET /api/activitytracker/dashboard/ HTTP/1.1" 500 203274
/workspaces/activitytracker/activitytracker/urls.py changed, reloading.
Watching for file changes with StatReloader
Watching for file changes with StatReloader
"GET / HTTP/1.1" 200 3168
"GET /static/activitytracker/images/trackerlogo.jpg HTTP/1.1" 304 0
"GET /static/activitytracker/images/backgroundimage.jpg HTTP/1.1" 304 0
Internal Server Error: /api/activitytracker/dashboard/
Traceback (most recent call last):
  File "/home/codespace/.pyenv/versions/3.10.16/lib/python3.10/site-packages/django/core/handlers/exception.py", line 55, in inner
    response = get_response(request)
  File "/home/codespace/.pyenv/versions/3.10.16/lib/python3.10/site-packages/django/core/handlers/base.py", line 197, in _get_response
    response = wrapped_callback(request, *callback_args, **callback_kwargs)
  File "/home/codespace/.pyenv/versions/3.10.16/lib/python3.10/site-packages/django/contrib/auth/decorators.py", line 60, in _view_wrapper
    return view_func(request, *args, **kwargs)
  File "/workspaces/activitytracker/activitytracker/views.py", line 106, in dashboard
    return render(
  File "/home/codespace/.pyenv/versions/3.10.16/lib/python3.10/site-packages/django/shortcuts.py", line 25, in render
    content = loader.render_to_string(template_name, context, request, using=using)
  File "/home/codespace/.pyenv/versions/3.10.16/lib/python3.10/site-packages/django/template/loader.py", line 62, in render_to_string
    return template.render(context, request)
  File "/home/codespace/.pyenv/versions/3.10.16/lib/python3.10/site-packages/django/template/backends/django.py", line 107, in render
    return self.template.render(context)
  File "/home/codespace/.pyenv/versions/3.10.16/lib/python3.10/site-packages/django/template/base.py", line 171, in render
    return self._render(context)
  File "/home/codespace/.pyenv/versions/3.10.16/lib/python3.10/site-packages/django/template/base.py", line 163, in _render
    return self.nodelist.render(context)
  File "/home/codespace/.pyenv/versions/3.10.16/lib/python3.10/site-packages/django/template/base.py", line 1008, in render
    return SafeString("".join([node.render_annotated(context) for node in self]))
  File "/home/codespace/.pyenv/versions/3.10.16/lib/python3.10/site-packages/django/template/base.py", line 1008, in <listcomp>
    return SafeString("".join([node.render_annotated(context) for node in self]))
  File "/home/codespace/.pyenv/versions/3.10.16/lib/python3.10/site-packages/django/template/base.py", line 969, in render_annotated
    return self.render(context)
  File "/home/codespace/.pyenv/versions/3.10.16/lib/python3.10/site-packages/django/template/loader_tags.py", line 159, in render
    return compiled_parent._render(context)
  File "/home/codespace/.pyenv/versions/3.10.16/lib/python3.10/site-packages/django/template/base.py", line 163, in _render
    return self.nodelist.render(context)
  File "/home/codespace/.pyenv/versions/3.10.16/lib/python3.10/site-packages/django/template/base.py", line 1008, in render
    return SafeString("".join([node.render_annotated(context) for node in self]))
  File "/home/codespace/.pyenv/versions/3.10.16/lib/python3.10/site-packages/django/template/base.py", line 1008, in <listcomp>
    return SafeString("".join([node.render_annotated(context) for node in self]))
  File "/home/codespace/.pyenv/versions/3.10.16/lib/python3.10/site-packages/django/template/base.py", line 969, in render_annotated
    return self.render(context)
  File "/home/codespace/.pyenv/versions/3.10.16/lib/python3.10/site-packages/django/template/loader_tags.py", line 65, in render
    result = block.nodelist.render(context)
  File "/home/codespace/.pyenv/versions/3.10.16/lib/python3.10/site-packages/django/template/base.py", line 1008, in render
    return SafeString("".join([node.render_annotated(context) for node in self]))
  File "/home/codespace/.pyenv/versions/3.10.16/lib/python3.10/site-packages/django/template/base.py", line 1008, in <listcomp>
    return SafeString("".join([node.render_annotated(context) for node in self]))
  File "/home/codespace/.pyenv/versions/3.10.16/lib/python3.10/site-packages/django/template/base.py", line 969, in render_annotated
    return self.render(context)
  File "/home/codespace/.pyenv/versions/3.10.16/lib/python3.10/site-packages/django/template/defaulttags.py", line 243, in render
    nodelist.append(node.render_annotated(context))
  File "/home/codespace/.pyenv/versions/3.10.16/lib/python3.10/site-packages/django/template/base.py", line 969, in render_annotated
    return self.render(context)
  File "/home/codespace/.pyenv/versions/3.10.16/lib/python3.10/site-packages/django/template/defaulttags.py", line 480, in render
    url = reverse(view_name, args=args, kwargs=kwargs, current_app=current_app)
  File "/home/codespace/.pyenv/versions/3.10.16/lib/python3.10/site-packages/django/urls/base.py", line 88, in reverse
    return resolver._reverse_with_prefix(view, prefix, *args, **kwargs)
  File "/home/codespace/.pyenv/versions/3.10.16/lib/python3.10/site-packages/django/urls/resolvers.py", line 831, in _reverse_with_prefix
    raise NoReverseMatch(msg)
django.urls.exceptions.NoReverseMatch: Reverse for 'delete_activity' not found. 'delete_activity' is not a valid view function or pattern name.
"GET /api/activitytracker/dashboard/ HTTP/1.1" 500 203491
"GET / HTTP/1.1" 200 3168
"GET /api/activitytracker/accounts/profile/ HTTP/1.1" 200 4606
"GET /static/css/register.css HTTP/1.1" 304 0
Internal Server Error: /api/activitytracker/dashboard/
Traceback (most recent call last):
  File "/home/codespace/.pyenv/versions/3.10.16/lib/python3.10/site-packages/django/core/handlers/exception.py", line 55, in inner
    response = get_response(request)
  File "/home/codespace/.pyenv/versions/3.10.16/lib/python3.10/site-packages/django/core/handlers/base.py", line 197, in _get_response
    response = wrapped_callback(request, *callback_args, **callback_kwargs)
  File "/home/codespace/.pyenv/versions/3.10.16/lib/python3.10/site-packages/django/contrib/auth/decorators.py", line 60, in _view_wrapper
    return view_func(request, *args, **kwargs)
  File "/workspaces/activitytracker/activitytracker/views.py", line 106, in dashboard
    return render(
  File "/home/codespace/.pyenv/versions/3.10.16/lib/python3.10/site-packages/django/shortcuts.py", line 25, in render
    content = loader.render_to_string(template_name, context, request, using=using)
  File "/home/codespace/.pyenv/versions/3.10.16/lib/python3.10/site-packages/django/template/loader.py", line 62, in render_to_string
    return template.render(context, request)
  File "/home/codespace/.pyenv/versions/3.10.16/lib/python3.10/site-packages/django/template/backends/django.py", line 107, in render
    return self.template.render(context)
  File "/home/codespace/.pyenv/versions/3.10.16/lib/python3.10/site-packages/django/template/base.py", line 171, in render
    return self._render(context)
  File "/home/codespace/.pyenv/versions/3.10.16/lib/python3.10/site-packages/django/template/base.py", line 163, in _render
    return self.nodelist.render(context)
  File "/home/codespace/.pyenv/versions/3.10.16/lib/python3.10/site-packages/django/template/base.py", line 1008, in render
    return SafeString("".join([node.render_annotated(context) for node in self]))
  File "/home/codespace/.pyenv/versions/3.10.16/lib/python3.10/site-packages/django/template/base.py", line 1008, in <listcomp>
    return SafeString("".join([node.render_annotated(context) for node in self]))
  File "/home/codespace/.pyenv/versions/3.10.16/lib/python3.10/site-packages/django/template/base.py", line 969, in render_annotated
    return self.render(context)
  File "/home/codespace/.pyenv/versions/3.10.16/lib/python3.10/site-packages/django/template/loader_tags.py", line 159, in render
    return compiled_parent._render(context)
  File "/home/codespace/.pyenv/versions/3.10.16/lib/python3.10/site-packages/django/template/base.py", line 163, in _render
    return self.nodelist.render(context)
  File "/home/codespace/.pyenv/versions/3.10.16/lib/python3.10/site-packages/django/template/base.py", line 1008, in render
    return SafeString("".join([node.render_annotated(context) for node in self]))
  File "/home/codespace/.pyenv/versions/3.10.16/lib/python3.10/site-packages/django/template/base.py", line 1008, in <listcomp>
    return SafeString("".join([node.render_annotated(context) for node in self]))
  File "/home/codespace/.pyenv/versions/3.10.16/lib/python3.10/site-packages/django/template/base.py", line 969, in render_annotated
    return self.render(context)
  File "/home/codespace/.pyenv/versions/3.10.16/lib/python3.10/site-packages/django/template/loader_tags.py", line 65, in render
    result = block.nodelist.render(context)
  File "/home/codespace/.pyenv/versions/3.10.16/lib/python3.10/site-packages/django/template/base.py", line 1008, in render
    return SafeString("".join([node.render_annotated(context) for node in self]))
  File "/home/codespace/.pyenv/versions/3.10.16/lib/python3.10/site-packages/django/template/base.py", line 1008, in <listcomp>
    return SafeString("".join([node.render_annotated(context) for node in self]))
  File "/home/codespace/.pyenv/versions/3.10.16/lib/python3.10/site-packages/django/template/base.py", line 969, in render_annotated
    return self.render(context)
  File "/home/codespace/.pyenv/versions/3.10.16/lib/python3.10/site-packages/django/template/defaulttags.py", line 243, in render
    nodelist.append(node.render_annotated(context))
  File "/home/codespace/.pyenv/versions/3.10.16/lib/python3.10/site-packages/django/template/base.py", line 969, in render_annotated
    return self.render(context)
  File "/home/codespace/.pyenv/versions/3.10.16/lib/python3.10/site-packages/django/template/defaulttags.py", line 480, in render
    url = reverse(view_name, args=args, kwargs=kwargs, current_app=current_app)
  File "/home/codespace/.pyenv/versions/3.10.16/lib/python3.10/site-packages/django/urls/base.py", line 88, in reverse
    return resolver._reverse_with_prefix(view, prefix, *args, **kwargs)
  File "/home/codespace/.pyenv/versions/3.10.16/lib/python3.10/site-packages/django/urls/resolvers.py", line 831, in _reverse_with_prefix
    raise NoReverseMatch(msg)
django.urls.exceptions.NoReverseMatch: Reverse for 'delete_activity' not found. 'delete_activity' is not a valid view function or pattern name.
"GET /api/activitytracker/dashboard/ HTTP/1.1" 500 203528
/workspaces/activitytracker/activitytracker/urls.py changed, reloading.
Watching for file changes with StatReloader
"GET / HTTP/1.1" 200 3168
"GET /static/activitytracker/images/trackerlogo.jpg HTTP/1.1" 304 0
"GET /static/activitytracker/images/backgroundimage.jpg HTTP/1.1" 304 0
Internal Server Error: /api/activitytracker/dashboard/
Traceback (most recent call last):
  File "/home/codespace/.pyenv/versions/3.10.16/lib/python3.10/site-packages/django/core/handlers/exception.py", line 55, in inner
    response = get_response(request)
  File "/home/codespace/.pyenv/versions/3.10.16/lib/python3.10/site-packages/django/core/handlers/base.py", line 197, in _get_response
    response = wrapped_callback(request, *callback_args, **callback_kwargs)
  File "/home/codespace/.pyenv/versions/3.10.16/lib/python3.10/site-packages/django/contrib/auth/decorators.py", line 60, in _view_wrapper
    return view_func(request, *args, **kwargs)
  File "/workspaces/activitytracker/activitytracker/views.py", line 106, in dashboard
    return render(
  File "/home/codespace/.pyenv/versions/3.10.16/lib/python3.10/site-packages/django/shortcuts.py", line 25, in render
    content = loader.render_to_string(template_name, context, request, using=using)
  File "/home/codespace/.pyenv/versions/3.10.16/lib/python3.10/site-packages/django/template/loader.py", line 62, in render_to_string
    return template.render(context, request)
  File "/home/codespace/.pyenv/versions/3.10.16/lib/python3.10/site-packages/django/template/backends/django.py", line 107, in render
    return self.template.render(context)
  File "/home/codespace/.pyenv/versions/3.10.16/lib/python3.10/site-packages/django/template/base.py", line 171, in render
    return self._render(context)
  File "/home/codespace/.pyenv/versions/3.10.16/lib/python3.10/site-packages/django/template/base.py", line 163, in _render
    return self.nodelist.render(context)
  File "/home/codespace/.pyenv/versions/3.10.16/lib/python3.10/site-packages/django/template/base.py", line 1008, in render
    return SafeString("".join([node.render_annotated(context) for node in self]))
  File "/home/codespace/.pyenv/versions/3.10.16/lib/python3.10/site-packages/django/template/base.py", line 1008, in <listcomp>
    return SafeString("".join([node.render_annotated(context) for node in self]))
  File "/home/codespace/.pyenv/versions/3.10.16/lib/python3.10/site-packages/django/template/base.py", line 969, in render_annotated
    return self.render(context)
  File "/home/codespace/.pyenv/versions/3.10.16/lib/python3.10/site-packages/django/template/loader_tags.py", line 159, in render
    return compiled_parent._render(context)
  File "/home/codespace/.pyenv/versions/3.10.16/lib/python3.10/site-packages/django/template/base.py", line 163, in _render
    return self.nodelist.render(context)
  File "/home/codespace/.pyenv/versions/3.10.16/lib/python3.10/site-packages/django/template/base.py", line 1008, in render
    return SafeString("".join([node.render_annotated(context) for node in self]))
  File "/home/codespace/.pyenv/versions/3.10.16/lib/python3.10/site-packages/django/template/base.py", line 1008, in <listcomp>
    return SafeString("".join([node.render_annotated(context) for node in self]))
  File "/home/codespace/.pyenv/versions/3.10.16/lib/python3.10/site-packages/django/template/base.py", line 969, in render_annotated
    return self.render(context)
  File "/home/codespace/.pyenv/versions/3.10.16/lib/python3.10/site-packages/django/template/loader_tags.py", line 65, in render
    result = block.nodelist.render(context)
  File "/home/codespace/.pyenv/versions/3.10.16/lib/python3.10/site-packages/django/template/base.py", line 1008, in render
    return SafeString("".join([node.render_annotated(context) for node in self]))
  File "/home/codespace/.pyenv/versions/3.10.16/lib/python3.10/site-packages/django/template/base.py", line 1008, in <listcomp>
    return SafeString("".join([node.render_annotated(context) for node in self]))
  File "/home/codespace/.pyenv/versions/3.10.16/lib/python3.10/site-packages/django/template/base.py", line 969, in render_annotated
    return self.render(context)
  File "/home/codespace/.pyenv/versions/3.10.16/lib/python3.10/site-packages/django/template/defaulttags.py", line 480, in render
    url = reverse(view_name, args=args, kwargs=kwargs, current_app=current_app)
  File "/home/codespace/.pyenv/versions/3.10.16/lib/python3.10/site-packages/django/urls/base.py", line 88, in reverse
    return resolver._reverse_with_prefix(view, prefix, *args, **kwargs)
  File "/home/codespace/.pyenv/versions/3.10.16/lib/python3.10/site-packages/django/urls/resolvers.py", line 831, in _reverse_with_prefix
    raise NoReverseMatch(msg)
django.urls.exceptions.NoReverseMatch: Reverse for 'record_activity' not found. 'record_activity' is not a valid view function or pattern name.
"GET /api/activitytracker/dashboard/ HTTP/1.1" 500 191096
Watching for file changes with StatReloader
"GET / HTTP/1.1" 200 3168
"GET /static/activitytracker/images/trackerlogo.jpg HTTP/1.1" 304 0
"GET /static/activitytracker/images/backgroundimage.jpg HTTP/1.1" 200 6235780
"GET /api/activitytracker/accounts/profile/ HTTP/1.1" 200 4606
"GET /static/css/register.css HTTP/1.1" 304 0
Internal Server Error: /api/activitytracker/dashboard/
Traceback (most recent call last):
  File "/home/codespace/.pyenv/versions/3.10.16/lib/python3.10/site-packages/django/core/handlers/exception.py", line 55, in inner
    response = get_response(request)
  File "/home/codespace/.pyenv/versions/3.10.16/lib/python3.10/site-packages/django/core/handlers/base.py", line 197, in _get_response
    response = wrapped_callback(request, *callback_args, **callback_kwargs)
  File "/home/codespace/.pyenv/versions/3.10.16/lib/python3.10/site-packages/django/contrib/auth/decorators.py", line 60, in _view_wrapper
    return view_func(request, *args, **kwargs)
  File "/workspaces/activitytracker/activitytracker/views.py", line 106, in dashboard
    return render(
  File "/home/codespace/.pyenv/versions/3.10.16/lib/python3.10/site-packages/django/shortcuts.py", line 25, in render
    content = loader.render_to_string(template_name, context, request, using=using)
  File "/home/codespace/.pyenv/versions/3.10.16/lib/python3.10/site-packages/django/template/loader.py", line 62, in render_to_string
    return template.render(context, request)
  File "/home/codespace/.pyenv/versions/3.10.16/lib/python3.10/site-packages/django/template/backends/django.py", line 107, in render
    return self.template.render(context)
  File "/home/codespace/.pyenv/versions/3.10.16/lib/python3.10/site-packages/django/template/base.py", line 171, in render
    return self._render(context)
  File "/home/codespace/.pyenv/versions/3.10.16/lib/python3.10/site-packages/django/template/base.py", line 163, in _render
    return self.nodelist.render(context)
  File "/home/codespace/.pyenv/versions/3.10.16/lib/python3.10/site-packages/django/template/base.py", line 1008, in render
    return SafeString("".join([node.render_annotated(context) for node in self]))
  File "/home/codespace/.pyenv/versions/3.10.16/lib/python3.10/site-packages/django/template/base.py", line 1008, in <listcomp>
    return SafeString("".join([node.render_annotated(context) for node in self]))
  File "/home/codespace/.pyenv/versions/3.10.16/lib/python3.10/site-packages/django/template/base.py", line 969, in render_annotated
    return self.render(context)
  File "/home/codespace/.pyenv/versions/3.10.16/lib/python3.10/site-packages/django/template/loader_tags.py", line 159, in render
    return compiled_parent._render(context)
  File "/home/codespace/.pyenv/versions/3.10.16/lib/python3.10/site-packages/django/template/base.py", line 163, in _render
    return self.nodelist.render(context)
  File "/home/codespace/.pyenv/versions/3.10.16/lib/python3.10/site-packages/django/template/base.py", line 1008, in render
    return SafeString("".join([node.render_annotated(context) for node in self]))
  File "/home/codespace/.pyenv/versions/3.10.16/lib/python3.10/site-packages/django/template/base.py", line 1008, in <listcomp>
    return SafeString("".join([node.render_annotated(context) for node in self]))
  File "/home/codespace/.pyenv/versions/3.10.16/lib/python3.10/site-packages/django/template/base.py", line 969, in render_annotated
    return self.render(context)
  File "/home/codespace/.pyenv/versions/3.10.16/lib/python3.10/site-packages/django/template/loader_tags.py", line 65, in render
    result = block.nodelist.render(context)
  File "/home/codespace/.pyenv/versions/3.10.16/lib/python3.10/site-packages/django/template/base.py", line 1008, in render
    return SafeString("".join([node.render_annotated(context) for node in self]))
  File "/home/codespace/.pyenv/versions/3.10.16/lib/python3.10/site-packages/django/template/base.py", line 1008, in <listcomp>
    return SafeString("".join([node.render_annotated(context) for node in self]))
  File "/home/codespace/.pyenv/versions/3.10.16/lib/python3.10/site-packages/django/template/base.py", line 969, in render_annotated
    return self.render(context)
  File "/home/codespace/.pyenv/versions/3.10.16/lib/python3.10/site-packages/django/template/defaulttags.py", line 480, in render
    url = reverse(view_name, args=args, kwargs=kwargs, current_app=current_app)
  File "/home/codespace/.pyenv/versions/3.10.16/lib/python3.10/site-packages/django/urls/base.py", line 88, in reverse
    return resolver._reverse_with_prefix(view, prefix, *args, **kwargs)
  File "/home/codespace/.pyenv/versions/3.10.16/lib/python3.10/site-packages/django/urls/resolvers.py", line 831, in _reverse_with_prefix
    raise NoReverseMatch(msg)
django.urls.exceptions.NoReverseMatch: Reverse for 'record_activity' not found. 'record_activity' is not a valid view function or pattern name.
"GET /api/activitytracker/dashboard/ HTTP/1.1" 500 191133
Not Found: /favicon.ico
"GET /favicon.ico HTTP/1.1" 404 4058
/workspaces/activitytracker/activitytracker/urls.py changed, reloading.
Watching for file changes with StatReloader
"GET / HTTP/1.1" 200 3168
"GET /static/activitytracker/images/trackerlogo.jpg HTTP/1.1" 304 0
"GET /api/activitytracker/dashboard/ HTTP/1.1" 200 7029
Unauthorized: /api/activitytracker/record/
"POST /api/activitytracker/record/ HTTP/1.1" 401 8574
"GET /static/rest_framework/js/ajax-form.js HTTP/1.1" 304 0
"GET /static/rest_framework/css/default.css HTTP/1.1" 304 0
"GET /static/rest_framework/js/prettify-min.js HTTP/1.1" 304 0
"GET /static/rest_framework/js/default.js HTTP/1.1" 304 0
"GET /static/rest_framework/css/prettify.css HTTP/1.1" 304 0
"GET /static/rest_framework/css/bootstrap.min.css HTTP/1.1" 304 0
"GET /static/rest_framework/js/csrf.js HTTP/1.1" 304 0
"GET /static/rest_framework/js/bootstrap.min.js HTTP/1.1" 304 0
"GET /static/rest_framework/js/load-ajax-form.js HTTP/1.1" 304 0
"GET /static/rest_framework/css/bootstrap-tweaks.css HTTP/1.1" 304 0
"GET /static/rest_framework/js/jquery-3.7.1.min.js HTTP/1.1" 304 0
"GET /static/rest_framework/img/grid.png HTTP/1.1" 304 0
Unauthorized: /api/token/
"POST /api/token/ HTTP/1.1" 401 63
"GET /api/activitytracker/dashboard/ HTTP/1.1" 200 7029
"POST /accounts/logout/ HTTP/1.1" 302 0
"GET / HTTP/1.1" 200 2997
"GET /static/activitytracker/images/trackerlogo.jpg HTTP/1.1" 304 0
"GET /accounts/login/ HTTP/1.1" 200 3675
"POST /accounts/login/ HTTP/1.1" 302 0
"GET /api/activitytracker/dashboard/ HTTP/1.1" 200 6550
Unauthorized: /api/activitytracker/record/
"POST /api/activitytracker/record/ HTTP/1.1" 401 8574
Watching for file changes with StatReloader
"POST /api/token/ HTTP/1.1" 200 483
Watching for file changes with StatReloader
"GET / HTTP/1.1" 200 3168
"GET /static/activitytracker/images/trackerlogo.jpg HTTP/1.1" 304 0
"GET /api/activitytracker/accounts/profile/ HTTP/1.1" 200 4579
"GET /static/activitytracker/images/trackerlogo.jpg HTTP/1.1" 304 0
"GET /static/css/register.css HTTP/1.1" 304 0
"POST /api/activitytracker/accounts/profile/ HTTP/1.1" 302 0
"GET /api/activitytracker/accounts/profile/ HTTP/1.1" 200 4592
"GET /api/activitytracker/dashboard/ HTTP/1.1" 200 6550
"POST /accounts/logout/ HTTP/1.1" 302 0
"GET / HTTP/1.1" 200 2997
"GET /accounts/login/ HTTP/1.1" 200 3675
"POST /accounts/login/ HTTP/1.1" 302 0
"GET /api/activitytracker/dashboard/ HTTP/1.1" 200 14246
Unauthorized: /api/activitytracker/record/
"POST /api/activitytracker/record/ HTTP/1.1" 401 8574
Unauthorized: /api/activitytracker/record/
"GET /api/activitytracker/record/ HTTP/1.1" 401 8573
Watching for file changes with StatReloader
"GET / HTTP/1.1" 200 3168
"GET /static/activitytracker/images/trackerlogo.jpg HTTP/1.1" 304 0
Watching for file changes with StatReloader
/workspaces/activitytracker/tracker/settings.py changed, reloading.
Watching for file changes with StatReloader
Watching for file changes with StatReloader
"GET / HTTP/1.1" 200 3168
"GET /static/activitytracker/images/trackerlogo.jpg HTTP/1.1" 304 0
Watching for file changes with StatReloader
/workspaces/activitytracker/tracker/settings.py changed, reloading.
Watching for file changes with StatReloader
Watching for file changes with StatReloader
/workspaces/activitytracker/tracker/settings.py changed, reloading.
Watching for file changes with StatReloader
Watching for file changes with StatReloader
Watching for file changes with StatReloader
Not Found: /favicon.ico
"GET /favicon.ico HTTP/1.1" 404 4058
Not Found: /api/
"GET /api/ HTTP/1.1" 404 4037
Method Not Allowed: /api/register/
"GET /api/register/ HTTP/1.1" 405 10339
"GET /static/rest_framework/js/ajax-form.js HTTP/1.1" 304 0
"GET /static/rest_framework/css/bootstrap.min.css HTTP/1.1" 304 0
"GET /static/rest_framework/css/bootstrap-tweaks.css HTTP/1.1" 304 0
"GET /static/rest_framework/js/bootstrap.min.js HTTP/1.1" 304 0
"GET /static/rest_framework/js/csrf.js HTTP/1.1" 304 0
"GET /static/rest_framework/js/load-ajax-form.js HTTP/1.1" 304 0
"GET /static/rest_framework/js/jquery-3.7.1.min.js HTTP/1.1" 304 0
"GET /static/rest_framework/js/default.js HTTP/1.1" 304 0
"GET /static/rest_framework/css/default.css HTTP/1.1" 304 0
"GET /static/rest_framework/js/prettify-min.js HTTP/1.1" 304 0
"GET /static/rest_framework/css/prettify.css HTTP/1.1" 304 0
"GET /static/rest_framework/img/grid.png HTTP/1.1" 304 0
"GET /static/rest_framework/css/bootstrap.min.css.map HTTP/1.1" 200 540434
Bad Request: /api/register/
"POST /api/register/ HTTP/1.1" 400 58
"POST /api/register/ HTTP/1.1" 201 43
Watching for file changes with StatReloader
/workspaces/activitytracker/tracker/settings.py changed, reloading.
Watching for file changes with StatReloader
Watching for file changes with StatReloader
/workspaces/activitytracker/tracker/settings.py changed, reloading.
Watching for file changes with StatReloader
/workspaces/activitytracker/activitytracker/urls.py changed, reloading.
Watching for file changes with StatReloader
/workspaces/activitytracker/activitytracker/urls.py changed, reloading.
Watching for file changes with StatReloader
Not Found: /favicon.ico
"GET /favicon.ico HTTP/1.1" 404 4058
"GET / HTTP/1.1" 200 3168
"GET /static/activitytracker/images/trackerlogo.jpg HTTP/1.1" 304 0
"GET /api/activitytracker/dashboard/ HTTP/1.1" 200 14246
/workspaces/activitytracker/tracker/settings.py changed, reloading.
Watching for file changes with StatReloader
/workspaces/activitytracker/tracker/settings.py changed, reloading.
Watching for file changes with StatReloader
Watching for file changes with StatReloader
/workspaces/activitytracker/activitytracker/urls.py changed, reloading.
Watching for file changes with StatReloader
/workspaces/activitytracker/activitytracker/views.py changed, reloading.
Watching for file changes with StatReloader
/workspaces/activitytracker/tracker/urls.py changed, reloading.
Watching for file changes with StatReloader
Watching for file changes with StatReloader
/workspaces/activitytracker/activitytracker/urls.py changed, reloading.
Watching for file changes with StatReloader
Watching for file changes with StatReloader
/home/codespace/.pyenv/versions/3.10.16/lib/python3.10/site-packages/sqlparse/keywords.py changed, reloading.
Watching for file changes with StatReloader
"GET / HTTP/1.1" 200 3168
"GET /static/activitytracker/images/trackerlogo.jpg HTTP/1.1" 304 0
"GET /static/activitytracker/images/backgroundimage.jpg HTTP/1.1" 200 6235780
"POST /accounts/logout/ HTTP/1.1" 302 0
"GET / HTTP/1.1" 200 2997
"GET /accounts/login/ HTTP/1.1" 200 3675
"POST /accounts/login/ HTTP/1.1" 302 0
"GET /api/activitytracker/dashboard/ HTTP/1.1" 200 14246
"POST /accounts/logout/ HTTP/1.1" 302 0
"GET / HTTP/1.1" 200 2997
Watching for file changes with StatReloader
Watching for file changes with StatReloader
"GET /?vscodeBrowserReqId=1743536961005 HTTP/1.1" 200 2997
Watching for file changes with StatReloader
Watching for file changes with StatReloader
Watching for file changes with StatReloader
"POST /api/register/ HTTP/1.1" 201 43
"OPTIONS /api/register/ HTTP/1.1" 200 0
"POST /api/register/ HTTP/1.1" 201 43
Watching for file changes with StatReloader
Watching for file changes with StatReloader
/workspaces/activitytracker/tracker/settings.py changed, reloading.
Watching for file changes with StatReloader
Not Found: /favicon.ico
"GET /favicon.ico HTTP/1.1" 404 4058
Not Found: /api/csrf/
"GET /api/csrf/ HTTP/1.1" 404 4052
Watching for file changes with StatReloader
/workspaces/activitytracker/tracker/urls.py changed, reloading.
Watching for file changes with StatReloader
Watching for file changes with StatReloader
Method Not Allowed: /api/token/
"GET /api/token/ HTTP/1.1" 405 12381
"GET /static/rest_framework/js/jquery-3.7.1.min.js HTTP/1.1" 200 87533
"GET /static/rest_framework/css/default.css HTTP/1.1" 200 1152
"GET /static/rest_framework/js/default.js HTTP/1.1" 200 1268
"GET /static/rest_framework/js/load-ajax-form.js HTTP/1.1" 200 59
"GET /static/rest_framework/js/prettify-min.js HTTP/1.1" 200 13632
"GET /static/rest_framework/css/prettify.css HTTP/1.1" 200 817
"GET /static/rest_framework/js/csrf.js HTTP/1.1" 200 1793
"GET /static/rest_framework/js/ajax-form.js HTTP/1.1" 200 3796
"GET /static/rest_framework/js/bootstrap.min.js HTTP/1.1" 200 39680
"GET /static/rest_framework/css/bootstrap.min.css HTTP/1.1" 200 121457
"GET /static/rest_framework/css/bootstrap-tweaks.css HTTP/1.1" 200 3426
"GET /static/rest_framework/img/grid.png HTTP/1.1" 200 1458
"POST /api/token/ HTTP/1.1" 200 12828
Method Not Allowed: /api/token/
"GET /api/token/ HTTP/1.1" 405 12381
Watching for file changes with StatReloader
Watching for file changes with StatReloader
Watching for file changes with StatReloader
"GET / HTTP/1.1" 200 2997
"GET /static/activitytracker/images/trackerlogo.jpg HTTP/1.1" 304 0
"GET /static/activitytracker/images/backgroundimage.jpg HTTP/1.1" 200 6235780
Unauthorized: /api/token/
"POST /api/token/ HTTP/1.1" 401 63
"GET / HTTP/1.1" 200 2997
"GET /static/activitytracker/images/trackerlogo.jpg HTTP/1.1" 304 0
"GET /accounts/login/ HTTP/1.1" 200 3675
"POST /accounts/login/ HTTP/1.1" 302 0
"GET /api/activitytracker/dashboard/ HTTP/1.1" 200 14246
/workspaces/activitytracker/activitytracker/urls.py changed, reloading.
Watching for file changes with StatReloader
/workspaces/activitytracker/activitytracker/urls.py changed, reloading.
Watching for file changes with StatReloader
/workspaces/activitytracker/activitytracker/urls.py changed, reloading.
Watching for file changes with StatReloader
Watching for file changes with StatReloader
/workspaces/activitytracker/activitytracker/urls.py changed, reloading.
Watching for file changes with StatReloader
/workspaces/activitytracker/activitytracker/urls.py changed, reloading.
Watching for file changes with StatReloader
Watching for file changes with StatReloader
Watching for file changes with StatReloader
Watching for file changes with StatReloader
Watching for file changes with StatReloader
/workspaces/activitytracker/activitytracker/urls.py changed, reloading.
Watching for file changes with StatReloader
/workspaces/activitytracker/tracker/settings.py changed, reloading.
Watching for file changes with StatReloader
/workspaces/activitytracker/tracker/settings.py changed, reloading.
Watching for file changes with StatReloader
Watching for file changes with StatReloader
Watching for file changes with StatReloader
Watching for file changes with StatReloader
Not Found: /favicon.ico
"GET /favicon.ico HTTP/1.1" 404 4062
"GET / HTTP/1.1" 200 3168
"GET /static/activitytracker/images/trackerlogo.jpg HTTP/1.1" 304 0
/workspaces/activitytracker/tracker/urls.py changed, reloading.
/workspaces/activitytracker/tracker/urls.py changed, reloading.
Watching for file changes with StatReloader
Watching for file changes with StatReloader
/workspaces/activitytracker/tracker/settings.py changed, reloading.
Watching for file changes with StatReloader
/workspaces/activitytracker/tracker/settings.py changed, reloading.
Watching for file changes with StatReloader
Watching for file changes with StatReloader
/workspaces/activitytracker/tracker/settings.py changed, reloading.
Watching for file changes with StatReloader
/workspaces/activitytracker/tracker/settings.py changed, reloading.
Watching for file changes with StatReloader
Watching for file changes with StatReloader
Watching for file changes with StatReloader
Not Found: /api/accounts/csrf/
"GET /api/accounts/csrf/ HTTP/1.1" 404 4263
Not Found: /api/accounts/csrf/
"GET /api/accounts/csrf/ HTTP/1.1" 404 4263
"OPTIONS /api/api/token/ HTTP/1.1" 200 0
Not Found: /api/api/token/
"POST /api/api/token/ HTTP/1.1" 404 4252
Not Found: /api/api/token/
"POST /api/api/token/ HTTP/1.1" 404 4252
"OPTIONS /api/api/token/ HTTP/1.1" 200 0
Not Found: /api/api/token/
"POST /api/api/token/ HTTP/1.1" 404 4252
Watching for file changes with StatReloader
Watching for file changes with StatReloader
Watching for file changes with StatReloader
/workspaces/activitytracker/tracker/settings.py changed, reloading.
Watching for file changes with StatReloader
/workspaces/activitytracker/tracker/settings.py changed, reloading.
Watching for file changes with StatReloader
/workspaces/activitytracker/tracker/settings.py changed, reloading.
Watching for file changes with StatReloader
Watching for file changes with StatReloader
/workspaces/activitytracker/tracker/settings.py changed, reloading.
Watching for file changes with StatReloader
Watching for file changes with StatReloader
"GET /accounts/csrf/ HTTP/1.1" 200 81
"GET /accounts/csrf/ HTTP/1.1" 200 81
"OPTIONS /api/token/ HTTP/1.1" 200 0
"POST /api/token/ HTTP/1.1" 200 486
"POST /api/token/ HTTP/1.1" 200 486
"POST /api/token/ HTTP/1.1" 200 483
Unauthorized: /api/token/
"POST /api/token/ HTTP/1.1" 401 63
"OPTIONS /token/refresh/ HTTP/1.1" 200 0
Not Found: /token/refresh/
"POST /token/refresh/ HTTP/1.1" 404 4252
"GET /accounts/csrf/ HTTP/1.1" 200 81
Unauthorized: /api/token/
"POST /api/token/ HTTP/1.1" 401 63
"GET /accounts/csrf/ HTTP/1.1" 200 81
"GET /accounts/csrf/ HTTP/1.1" 200 81
"OPTIONS /api/register/ HTTP/1.1" 200 0
"POST /api/register/ HTTP/1.1" 201 43
"POST /api/token/ HTTP/1.1" 200 486
"GET /accounts/csrf/ HTTP/1.1" 200 81
Bad Request: /api/register/
"POST /api/register/ HTTP/1.1" 400 58
Bad Request: /api/register/
"POST /api/register/ HTTP/1.1" 400 58
"POST /api/register/ HTTP/1.1" 201 43
"POST /api/token/ HTTP/1.1" 200 486
"OPTIONS /api/token/ HTTP/1.1" 200 0
"POST /api/token/ HTTP/1.1" 200 486
"GET /accounts/csrf/ HTTP/1.1" 200 81
"GET /accounts/csrf/ HTTP/1.1" 200 81
"GET /accounts/csrf/ HTTP/1.1" 200 81
"GET /accounts/csrf/ HTTP/1.1" 200 81
"GET /accounts/csrf/ HTTP/1.1" 200 81
"GET /accounts/csrf/ HTTP/1.1" 200 81
"GET /accounts/csrf/ HTTP/1.1" 200 81
"GET /accounts/csrf/ HTTP/1.1" 200 81
"GET /accounts/csrf/ HTTP/1.1" 200 81
"GET /accounts/csrf/ HTTP/1.1" 200 81
"GET /accounts/csrf/ HTTP/1.1" 200 81
"GET /accounts/csrf/ HTTP/1.1" 200 81
"GET /accounts/csrf/ HTTP/1.1" 200 81
"GET /accounts/csrf/ HTTP/1.1" 200 81
"GET /accounts/csrf/ HTTP/1.1" 200 81
"GET /accounts/csrf/ HTTP/1.1" 200 81
"GET /accounts/csrf/ HTTP/1.1" 200 81
"GET /accounts/csrf/ HTTP/1.1" 200 81
"GET /accounts/csrf/ HTTP/1.1" 200 81
"GET /accounts/csrf/ HTTP/1.1" 200 81
"GET /accounts/csrf/ HTTP/1.1" 200 81
"GET /accounts/csrf/ HTTP/1.1" 200 81
"GET /accounts/csrf/ HTTP/1.1" 200 81
"GET /accounts/csrf/ HTTP/1.1" 200 81
"GET /accounts/csrf/ HTTP/1.1" 200 81
"GET /accounts/csrf/ HTTP/1.1" 200 81
"GET /accounts/csrf/ HTTP/1.1" 200 81
"GET /accounts/csrf/ HTTP/1.1" 200 81
"GET /accounts/csrf/ HTTP/1.1" 200 81
"GET /accounts/csrf/ HTTP/1.1" 200 81
"GET /accounts/csrf/ HTTP/1.1" 200 81
"GET /accounts/csrf/ HTTP/1.1" 200 81
"GET /accounts/csrf/ HTTP/1.1" 200 81
"GET /accounts/csrf/ HTTP/1.1" 200 81
"GET /accounts/csrf/ HTTP/1.1" 200 81
"GET /accounts/csrf/ HTTP/1.1" 200 81
"GET /accounts/csrf/ HTTP/1.1" 200 81
"GET /accounts/csrf/ HTTP/1.1" 200 81
"GET /accounts/csrf/ HTTP/1.1" 200 81
"GET /accounts/csrf/ HTTP/1.1" 200 81
"GET /accounts/csrf/ HTTP/1.1" 200 81
"GET /accounts/csrf/ HTTP/1.1" 200 81
"GET /accounts/csrf/ HTTP/1.1" 200 81
"GET /accounts/csrf/ HTTP/1.1" 200 81
"GET /accounts/csrf/ HTTP/1.1" 200 81
"GET /accounts/csrf/ HTTP/1.1" 200 81
"GET /accounts/csrf/ HTTP/1.1" 200 81
"GET /accounts/csrf/ HTTP/1.1" 200 81
"OPTIONS /api/profile/ HTTP/1.1" 200 0
Not Found: /api/profile/
"PUT /api/profile/ HTTP/1.1" 404 4245
/workspaces/activitytracker/activitytracker/views.py changed, reloading.
Watching for file changes with StatReloader
/workspaces/activitytracker/activitytracker/views.py changed, reloading.
Watching for file changes with StatReloader
/workspaces/activitytracker/activitytracker/urls.py changed, reloading.
Watching for file changes with StatReloader
Watching for file changes with StatReloader
"GET /accounts/csrf/ HTTP/1.1" 200 81
"GET /accounts/csrf/ HTTP/1.1" 200 81
Not Found: /api/profile/
"PUT /api/profile/ HTTP/1.1" 404 4245
"GET /accounts/csrf/ HTTP/1.1" 200 81
"GET /accounts/csrf/ HTTP/1.1" 200 81
"OPTIONS /api/profile/ HTTP/1.1" 200 0
Not Found: /api/profile/
"PUT /api/profile/ HTTP/1.1" 404 4245
/workspaces/activitytracker/tracker/urls.py changed, reloading.
Watching for file changes with StatReloader
/workspaces/activitytracker/tracker/urls.py changed, reloading.
Watching for file changes with StatReloader
Watching for file changes with StatReloader
"GET /accounts/csrf/ HTTP/1.1" 200 81
"GET /accounts/csrf/ HTTP/1.1" 200 81
Unauthorized: /api/profile/
"PUT /api/profile/ HTTP/1.1" 401 183
Not Found: /token/refresh/
"POST /token/refresh/ HTTP/1.1" 404 4428
"GET /accounts/csrf/ HTTP/1.1" 200 81
"POST /api/token/ HTTP/1.1" 200 486
"GET /accounts/csrf/ HTTP/1.1" 200 81
"GET /accounts/csrf/ HTTP/1.1" 200 81
"GET /accounts/csrf/ HTTP/1.1" 200 81
"OPTIONS /api/profile/ HTTP/1.1" 200 0
"PUT /api/profile/ HTTP/1.1" 200 92
"GET /accounts/csrf/ HTTP/1.1" 200 81
"GET /accounts/csrf/ HTTP/1.1" 200 81
"PUT /api/profile/ HTTP/1.1" 200 92
"GET /accounts/csrf/ HTTP/1.1" 200 81
"GET /accounts/csrf/ HTTP/1.1" 200 81
"OPTIONS /api/profile/ HTTP/1.1" 200 0
"PUT /api/profile/ HTTP/1.1" 200 92
"GET /accounts/csrf/ HTTP/1.1" 200 81
"GET /accounts/csrf/ HTTP/1.1" 200 81
"OPTIONS /api/profile/ HTTP/1.1" 200 0
"PUT /api/profile/ HTTP/1.1" 200 92
Watching for file changes with StatReloader
"GET /accounts/csrf/ HTTP/1.1" 200 81
"GET /accounts/csrf/ HTTP/1.1" 200 81
"GET /accounts/csrf/ HTTP/1.1" 200 81
Unauthorized: /api/profile/
"GET /api/profile/ HTTP/1.1" 401 183
Unauthorized: /api/profile/
"GET /api/profile/ HTTP/1.1" 401 183
Not Found: /token/refresh/
"POST /token/refresh/ HTTP/1.1" 404 4428
Not Found: /token/refresh/
"POST /token/refresh/ HTTP/1.1" 404 4428
"GET /accounts/csrf/ HTTP/1.1" 200 81
"GET /accounts/csrf/ HTTP/1.1" 200 81
Unauthorized: /api/token/
"POST /api/token/ HTTP/1.1" 401 63
"GET /accounts/csrf/ HTTP/1.1" 200 81
Unauthorized: /api/token/
"POST /api/token/ HTTP/1.1" 401 63
"GET /accounts/csrf/ HTTP/1.1" 200 81
"POST /api/token/ HTTP/1.1" 200 486
"GET /accounts/csrf/ HTTP/1.1" 200 81
"POST /api/token/ HTTP/1.1" 200 486
"GET /accounts/csrf/ HTTP/1.1" 200 81
"GET /api/profile/ HTTP/1.1" 200 84
"GET /api/profile/ HTTP/1.1" 200 84
"PUT /api/profile/ HTTP/1.1" 200 95
"GET /accounts/csrf/ HTTP/1.1" 200 81
"GET /accounts/csrf/ HTTP/1.1" 200 81
"GET /api/profile/ HTTP/1.1" 200 95
"GET /api/profile/ HTTP/1.1" 200 95
"GET /accounts/csrf/ HTTP/1.1" 200 81
"POST /api/token/ HTTP/1.1" 200 486
"GET /accounts/csrf/ HTTP/1.1" 200 81
"GET /accounts/csrf/ HTTP/1.1" 200 81
"GET /accounts/csrf/ HTTP/1.1" 200 81
"GET /api/profile/ HTTP/1.1" 200 95
"GET /api/profile/ HTTP/1.1" 200 95
"POST /api/token/ HTTP/1.1" 200 486
"GET /accounts/csrf/ HTTP/1.1" 200 81
"GET /accounts/csrf/ HTTP/1.1" 200 81
"GET /accounts/csrf/ HTTP/1.1" 200 81
"GET /api/profile/ HTTP/1.1" 200 95
"GET /api/profile/ HTTP/1.1" 200 95
"GET /accounts/csrf/ HTTP/1.1" 200 81
"GET /accounts/csrf/ HTTP/1.1" 200 81
"GET /accounts/csrf/ HTTP/1.1" 200 81
"POST /api/token/ HTTP/1.1" 200 486
"GET /accounts/csrf/ HTTP/1.1" 200 81
"GET /accounts/csrf/ HTTP/1.1" 200 81
"GET /accounts/csrf/ HTTP/1.1" 200 81
"GET /api/profile/ HTTP/1.1" 200 95
"GET /api/profile/ HTTP/1.1" 200 95
"GET /accounts/csrf/ HTTP/1.1" 200 81
"POST /api/token/ HTTP/1.1" 200 486
"GET /accounts/csrf/ HTTP/1.1" 200 81
"GET /accounts/csrf/ HTTP/1.1" 200 81
"GET /accounts/csrf/ HTTP/1.1" 200 81
"GET /accounts/csrf/ HTTP/1.1" 200 81
"GET /accounts/csrf/ HTTP/1.1" 200 81
"GET /accounts/csrf/ HTTP/1.1" 200 81
"GET /accounts/csrf/ HTTP/1.1" 200 81
"GET /accounts/csrf/ HTTP/1.1" 200 81
"GET /accounts/csrf/ HTTP/1.1" 200 81
"GET /accounts/csrf/ HTTP/1.1" 200 81
"GET /accounts/csrf/ HTTP/1.1" 200 81
"GET /accounts/csrf/ HTTP/1.1" 200 81
"GET /accounts/csrf/ HTTP/1.1" 200 81
"GET /accounts/csrf/ HTTP/1.1" 200 81
"GET /accounts/csrf/ HTTP/1.1" 200 81
"GET /accounts/csrf/ HTTP/1.1" 200 81
"GET /accounts/csrf/ HTTP/1.1" 200 81
"GET /accounts/csrf/ HTTP/1.1" 200 81
"GET /accounts/csrf/ HTTP/1.1" 200 81
"GET /accounts/csrf/ HTTP/1.1" 200 81
"GET /accounts/csrf/ HTTP/1.1" 200 81
"GET /accounts/csrf/ HTTP/1.1" 200 81
"GET /accounts/csrf/ HTTP/1.1" 200 81
"GET /accounts/csrf/ HTTP/1.1" 200 81
"GET /accounts/csrf/ HTTP/1.1" 200 81
"GET /accounts/csrf/ HTTP/1.1" 200 81
"GET /accounts/csrf/ HTTP/1.1" 200 81
"GET /accounts/csrf/ HTTP/1.1" 200 81
"GET /accounts/csrf/ HTTP/1.1" 200 81
Unauthorized: /api/profile/
"GET /api/profile/ HTTP/1.1" 401 183
Unauthorized: /api/profile/
"GET /api/profile/ HTTP/1.1" 401 183
"OPTIONS /token/refresh/ HTTP/1.1" 200 0
"OPTIONS /token/refresh/ HTTP/1.1" 200 0
Not Found: /token/refresh/
"POST /token/refresh/ HTTP/1.1" 404 4428
Not Found: /token/refresh/
"POST /token/refresh/ HTTP/1.1" 404 4428
"GET /accounts/csrf/ HTTP/1.1" 200 81
"OPTIONS /api/token/ HTTP/1.1" 200 0
"POST /api/token/ HTTP/1.1" 200 486
"GET /api/profile/ HTTP/1.1" 200 95
"GET /api/profile/ HTTP/1.1" 200 95
"POST /api/token/ HTTP/1.1" 200 486
"GET /api/profile/ HTTP/1.1" 200 95
"GET /api/profile/ HTTP/1.1" 200 95
"GET /api/profile/ HTTP/1.1" 200 95
"GET /api/profile/ HTTP/1.1" 200 95
"PUT /api/profile/ HTTP/1.1" 200 97
"GET /api/profile/ HTTP/1.1" 200 97
"GET /api/profile/ HTTP/1.1" 200 97
"GET /accounts/csrf/ HTTP/1.1" 200 81
"GET /accounts/csrf/ HTTP/1.1" 200 81
"GET /accounts/csrf/ HTTP/1.1" 200 81
"GET /accounts/csrf/ HTTP/1.1" 200 81
"OPTIONS /activities/ HTTP/1.1" 200 0
Not Found: /activities/
"POST /activities/ HTTP/1.1" 404 4419
"OPTIONS /activities/ HTTP/1.1" 200 0
Not Found: /activities/
"POST /activities/ HTTP/1.1" 404 4419
"OPTIONS /activities/ HTTP/1.1" 200 0
Not Found: /activities/
"POST /activities/ HTTP/1.1" 404 4419
"GET /accounts/csrf/ HTTP/1.1" 200 81
"OPTIONS /api/activities/ HTTP/1.1" 200 0
Not Found: /api/activities/
"POST /api/activities/ HTTP/1.1" 404 4431
"OPTIONS /api/activities/ HTTP/1.1" 200 0
Not Found: /api/activities/
"POST /api/activities/ HTTP/1.1" 404 4431
"OPTIONS /api/activities/ HTTP/1.1" 200 0
Not Found: /api/activities/
"POST /api/activities/ HTTP/1.1" 404 4431
Watching for file changes with StatReloader
Watching for file changes with StatReloader
/workspaces/activitytracker/activitytracker/urls.py changed, reloading.
Watching for file changes with StatReloader
/workspaces/activitytracker/tracker/urls.py changed, reloading.
Watching for file changes with StatReloader
/workspaces/activitytracker/activitytracker/urls.py changed, reloading.
Watching for file changes with StatReloader
"GET /accounts/csrf/ HTTP/1.1" 200 81
Unauthorized: /api/activities/
"POST /api/activities/ HTTP/1.1" 401 183
Not Found: /token/refresh/
"POST /token/refresh/ HTTP/1.1" 404 4615
"GET /accounts/csrf/ HTTP/1.1" 200 81
Watching for file changes with StatReloader
"GET /accounts/csrf/ HTTP/1.1" 200 81
"POST /api/token/ HTTP/1.1" 200 486
Bad Request: /api/activities/
"POST /api/activities/ HTTP/1.1" 400 36
"OPTIONS /api/activities/ HTTP/1.1" 200 0
Bad Request: /api/activities/
"POST /api/activities/ HTTP/1.1" 400 36
"GET /accounts/csrf/ HTTP/1.1" 200 81
Bad Request: /api/activities/
"POST /api/activities/ HTTP/1.1" 400 36
/workspaces/activitytracker/activitytracker/views.py changed, reloading.
Watching for file changes with StatReloader
/workspaces/activitytracker/activitytracker/views.py changed, reloading.
Watching for file changes with StatReloader
/workspaces/activitytracker/activitytracker/serializers.py changed, reloading.
Watching for file changes with StatReloader
/workspaces/activitytracker/activitytracker/models.py changed, reloading.
Watching for file changes with StatReloader
Watching for file changes with StatReloader
"GET /accounts/csrf/ HTTP/1.1" 200 81
Unauthorized: /api/activities/
"POST /api/activities/ HTTP/1.1" 401 183
Not Found: /token/refresh/
"POST /token/refresh/ HTTP/1.1" 404 4615
"GET /accounts/csrf/ HTTP/1.1" 200 81
"POST /api/token/ HTTP/1.1" 200 486
/workspaces/activitytracker/activitytracker/serializers.py changed, reloading.
Watching for file changes with StatReloader
/workspaces/activitytracker/activitytracker/views.py changed, reloading.
Watching for file changes with StatReloader
/workspaces/activitytracker/activitytracker/views.py changed, reloading.
Watching for file changes with StatReloader
Watching for file changes with StatReloader
/workspaces/activitytracker/activitytracker/urls.py changed, reloading.
/workspaces/activitytracker/activitytracker/urls.py changed, reloading.
Watching for file changes with StatReloader
Watching for file changes with StatReloader
/workspaces/activitytracker/activitytracker/urls.py changed, reloading.
/workspaces/activitytracker/activitytracker/urls.py changed, reloading.
Watching for file changes with StatReloader
Watching for file changes with StatReloader
/workspaces/activitytracker/activitytracker/urls.py changed, reloading.
/workspaces/activitytracker/activitytracker/urls.py changed, reloading.
Watching for file changes with StatReloader
Watching for file changes with StatReloader
/workspaces/activitytracker/activitytracker/urls.py changed, reloading.
/workspaces/activitytracker/activitytracker/urls.py changed, reloading.
Watching for file changes with StatReloader
Watching for file changes with StatReloader
/workspaces/activitytracker/activitytracker/urls.py changed, reloading.
/workspaces/activitytracker/activitytracker/urls.py changed, reloading.
Watching for file changes with StatReloader
Watching for file changes with StatReloader
/workspaces/activitytracker/activitytracker/urls.py changed, reloading.
/workspaces/activitytracker/activitytracker/urls.py changed, reloading.
Watching for file changes with StatReloader
Watching for file changes with StatReloader
"GET /accounts/csrf/ HTTP/1.1" 200 81
"OPTIONS /api/token/ HTTP/1.1" 200 0
"POST /api/token/ HTTP/1.1" 200 486
"GET /api/activities/ HTTP/1.1" 200 2
"GET /api/activities/ HTTP/1.1" 200 2
"POST /api/activities/ HTTP/1.1" 201 224
